
 Primary working directories    : /tmp/cjr
 Secondary working directories  : /tmp/cjr
 Wavefunction directory         : /home/cjr/wfu/
 Main file repository           : /tmp/cjr/

 SHA1      : 41aa48e1468dac041f2eaabdf410f3ce2ee7f8bf
 NAME      : 2015.1.0
 ARCHNAME  : linux/x86_64
 FC        : /opt/intel/composer_xe_2015.1.133/bin/intel64/ifort
 BLASLIB   : -Wl,-_start-group /opt/intel/mkl/lib/intel64/libmkl_intel_ilp64.a /opt/intel/mkl/lib/intel64/libmkl_intel_thread.a /opt/intel/mkl/lib/intel64/libmkl_core.a -Wl,-_end-group
 id        : xdqnju

 Nodes     nprocs
 cu35         1

 Using customized tuning parameters: mindgm=1; mindgv=20; mindgc=4; mindgr=1; noblas=0; minvec=7
 default implementation of scratch files=df  

 memory,800,m
 file,2,nh3-111.wfu
 GTHRESH,energy=1d-7
 thresh,pspace=1.0d2
                                                                                 ! gprint,pspace
                                                                                 ! gprint,ref
 gprint,orbitals,basis
 r3= 0.850
 xh1= -0.41860000
 yh1= -0.81220000
 zh1= 0.00000000
 xh2= -0.41860000
 yh2= 0.81220000
 zh2= 0.00000000
 xh3= 0.83730000
 yh3= 0.00000000
 zh3= 0.00000000
 xn= 0.06920000
 yn= 0.00000000
 zn= 0.34610000
 geomtyp=XYZ
                                                                                 !orient,noorient
 symmetry,nosym
 geometry={4
 cartesian coordinate
 H  xh1  yh1  zh1
 H  xh2  yh2  zh2
 H  xh3  yh3  zh3
 N  xn  yn  zn
 }
 
 
 basis=vqz-f12
 savci=4123.1
 savcj=4223.1
 
 
 
 {multi;occ,12;closed,1;
 wf,10,1,0;state,4;
 maxiter,40,1200;orbprint,1;
 natorb,2140.2;}
 W1=energy(1)
 W2=energy(2)
 W3=energy(3)
 W4=energy(4)
 
 
 {mrci-f12;occ,12;closed,1;
 wf,10,1,0;state,4;maxiter,60,800;
 save,savci;}
 e1a1=energy(1)
 e2a1=energy(2)
 e3a1=energy(3)
 e4a1=energy(4)
 ed1a1=energd0(1)
 ed2a1=energd0(2)
 ed3a1=energd0(3)
 ed4a1=energd0(4)
 ed1a1_r=energd2(1)
 ed2a1_r=energd2(2)
 ed3a1_r=energd2(3)
 ed4a1_r=energd2(4)
 1A1=ed1a1
 2A1=ed2a1
 3A1=ed3a1
 4A1=ed4a1
 1A1_r=ed1a1_r
 2A1_r=ed2a1_r
 3A1_r=ed3a1_r
 4A1_r=ed4a1_r
 R=r3
 
                                                                                 !{ci;trans,savci,savcj,dmx;noexc}
                                                                                 !{ci;trans,savci,savcj,dmy;noexc}
                                                                                 !{ci;trans,savci,savcj,dmz;noexc}
 
 
 
 
 
 
 
 
 
 
 
 
 
 
 
 
 
 
 
 
 
 
 
 
 
 
 
 
 
 
 
 
 
 
 
 
 
 
 
 
 
 
 
 
 
 
 
 
 
 
 
 
 
 
 
 
 
 
 
 
 
 
 
 
 
 
 
 
 
 
 
 
 
 
 
 
 
 
 
 
 
 
 
 
 
 
 
 
 
 
 
 
 
 
 
 
 
 
 
 
 
 
 
 
 
 
 
 
 
 
 
 
 
 
 
 
 
 
 
 
 
 
 
 
 
 
 
 
 
 
 
 
 
 
 
 
 
 
 
 
 

 Variables initialized (889), CPU time= 0.00 sec
 Commands  initialized (702), CPU time= 0.01 sec, 572 directives.
 Default parameters read. Elapsed time= 0.03 sec

 Checking input...
 Passed
1


                                         ***  PROGRAM SYSTEM MOLPRO  ***
                                       Copyright, TTI GmbH Stuttgart, 2015
                                    Version 2015.1 linked Nov 26 2015 20:23:21


 **********************************************************************************************************************************
 LABEL *                                                                                 
  64 bit serial version                                                                  DATE: 06-May-25          TIME: 06:58:49  
 **********************************************************************************************************************************

 SHA1:             41aa48e1468dac041f2eaabdf410f3ce2ee7f8bf
 **********************************************************************************************************************************

 Variable memory set to  800000000 words,  buffer space   230000 words



 Permanent file  2  nh3-111.wfu      assigned.  Implementation=df    Size=  2.36 MB
 

 PROGRAM * RESTART 


 Reading variables from file 2

 _NUMVAR         =    919.00000000
 _DKROLL_DONE    =      0.00000000
 _INTDONE        =      1.00000000
 _DIRECT         =      0.00000000
 _DKHO           =     -1.00000000
 _BASIS          =    VQZ-F12
 _NELEC          =     10.00000000
 _PROGRAM        =    MULTI
 _CPUSTEP        =     18.93000000
 _SYSSTEP        =      0.63000000
 _WALLSTEP       =     19.65000000
 _BASINP         =    610.00000000
 _CPUTOT         =     26.95000000
 _DMX(1:4)       =     -0.05637737     0.02893298    -0.01261775    -0.06632071
 _DMY(1:4)       =     -0.00000000    -0.00000000     0.00000000    -0.00000000
 _DMZ(1:4)       =     -0.65231873     0.82109992    -0.53513609    -0.41042176
 _ENERGY(1:4)    =    -56.29194401   -56.05967714   -56.01065095   -56.01051117
 _ENERGY_METHOD  =    MRCI-F12
 _ENERGY_BASIS   =    cc-pVQZ-F12
 _GEOMETRY_METHOD=     
 _GEOMETRY_BASIS =     
 _ENUC           =     12.77509689
 _EPS1(1:13)     =    -15.70131047    -1.28761214    -0.87653453    -0.78454039    -0.41848900     0.02221266
                        0.05189622     0.04123066     0.73919437     0.81979514     0.75741709     1.03945601
                        0.11984754
 _GRADMETHOD     =      4.00000000
 _ITERATIONS     =      1.00000000
 _LASTNELEC      =      8.00000000
 _LASTSPIN       =      0.00000000
 _LASTSYM        =      1.00000000
 _ORBITAL        =   2140.20000000
 _SEIG_MIN       =      0.00001401
 _SEWPROP        =      1.00000000
 _STATUS         =      1.00000000
 _SYSTOT         =      2.40000000
 _WALLTOT        =     29.59000000
 _LASTORB        =    MCSCF
 _OUTPUT         =    /home/cjr/nh3-molpro/cmfy_nh3.xml
 _PGROUP         =    C1  
 _TIME           =    06:40:00
 _DMX_CC(1:4)    =     -0.26161891    -0.26161891    -0.26161891    -0.26161891
 _DMY_CC(1:4)    =      0.00000000     0.00000000     0.00000000     0.00000000
 _DMZ_CC(1:4)    =     -1.30783289    -1.30783289    -1.30783289    -1.30783289
 _DMX_NUC(1:4)   =      0.91557231     0.91557231     0.91557231     0.91557231
 _DMY_NUC(1:4)   =      0.00000000     0.00000000     0.00000000     0.00000000
 _DMZ_NUC(1:4)   =      4.57823948     4.57823948     4.57823948     4.57823948
 R3              =      0.85000000
 XH1             =     -0.41860000
 YH1             =     -0.81220000
 ZH1             =      0.00000000
 XH2             =     -0.41860000
 YH2             =      0.81220000
 ZH2             =      0.00000000
 XH3             =      0.83730000
 YH3             =      0.00000000
 ZH3             =      0.00000000
 XN              =      0.06920000
 YN              =      0.00000000
 ZN              =      0.34610000
 SAVCI           =   4123.10000000
 SAVCJ           =   4223.10000000
 _TRDMX(1:6)     =     -0.09976879     0.00704835    -2.52683599     0.00000000    -0.00000001     0.00000000
 _TRDMY(1:6)     =      0.00000000    -0.00000000     0.00000001     0.06368026    -2.66817091    -0.09725564
 _TRDMZ(1:6)     =     -0.65306914    -0.02433344     0.15067912    -0.00000000     0.00000000    -0.00000000
 W1              =    -56.29194401
 W2              =    -56.05967714
 W3              =    -56.01065095
 W4              =    -56.01051117

 Geometry written to block  1 of record 700


 **********************************************************************************************************************************
 DATASETS  * FILE   NREC   LENGTH (MB)   RECORD NAMES
              2       6        2.48       500      610      700     1000      520     2140   
                                          VAR    BASINP    GEOM     BASIS   MCVARS    MCSCF   

 PROGRAMS   *        TOTAL   RESTART
 CPU TIMES  *         0.09      0.01
 REAL TIME  *         0.17 SEC
 DISK USED  *         0.03 MB      
 **********************************************************************************************************************************

 THRESHOLDS:

 ZERO    =  1.00D-12  ONEINT  =  1.00D-12  TWOINT  =  1.00D-11  PREFAC  =  1.00D-14  LOCALI  =  1.00D-09  EORDER  =  1.00D-04
 ENERGY  =  1.00D-07  ETEST   =  0.00D+00  EDENS   =  0.00D+00  THRDEDEF=  1.00D-06  GRADIENT=  1.00D-02  STEP    =  1.00D-03
 ORBITAL =  1.00D-05  CIVEC   =  1.00D-05  COEFF   =  1.00D-04  PRINTCI =  5.00D-02  PUNCHCI =  9.90D+01  OPTGRAD =  3.00D-04
 OPTENERG=  1.00D-06  OPTSTEP =  3.00D-04  THRGRAD =  1.00D-10  COMPRESS=  1.00D-11  VARMIN  =  1.00D-07  VARMAX  =  1.00D-03
 THRDOUB =  0.00D+00  THRDIV  =  1.00D-05  THRRED  =  1.00D-07  THRPSP  =  1.00D+00  THRDC   =  1.00D-10  THRCS   =  1.00D-10
 THRNRM  =  1.00D-08  THREQ   =  0.00D+00  THRDE   =  1.00D+00  THRREF  =  1.00D-05  SPARFAC =  1.00D+00  THRDLP  =  1.00D-07
 THRDIA  =  1.00D-10  THRDLS  =  1.00D-07  THRGPS  =  0.00D+00  THRKEX  =  0.00D+00  THRDIS  =  2.00D-01  THRVAR  =  1.00D-10
 THRLOC  =  1.00D-06  THRGAP  =  1.00D-06  THRLOCT = -1.00D+00  THRGAPT = -1.00D+00  THRORB  =  1.00D-06  THRMLTP =  0.00D+00
 THRCPQCI=  1.00D-10  KEXTA   =  0.00D+00  THRCOARS=  0.00D+00  SYMTOL  =  1.00D-06  GRADTOL =  1.00D-06  THROVL  =  1.00D-08
 THRORTH =  1.00D-08  GRID    =  1.00D-06  GRIDMAX =  1.00D-03  DTMAX   =  0.00D+00  THROCCDE=  1.00D-01  THROCCDE=  1.00D-01



 THRESHOLDS:

 ZERO    =  1.00D-12  ONEINT  =  1.00D-12  TWOINT  =  1.00D-11  PREFAC  =  1.00D-14  LOCALI  =  1.00D-09  EORDER  =  1.00D-04
 ENERGY  =  1.00D-07  ETEST   =  0.00D+00  EDENS   =  0.00D+00  THRDEDEF=  1.00D-06  GRADIENT=  1.00D-02  STEP    =  1.00D-03
 ORBITAL =  1.00D-05  CIVEC   =  1.00D-05  COEFF   =  1.00D-04  PRINTCI =  5.00D-02  PUNCHCI =  9.90D+01  OPTGRAD =  3.00D-04
 OPTENERG=  1.00D-06  OPTSTEP =  3.00D-04  THRGRAD =  1.00D-10  COMPRESS=  1.00D-11  VARMIN  =  1.00D-07  VARMAX  =  1.00D-03
 THRDOUB =  0.00D+00  THRDIV  =  1.00D-05  THRRED  =  1.00D-07  THRPSP  =  1.00D+02  THRDC   =  1.00D-10  THRCS   =  1.00D-10
 THRNRM  =  1.00D-08  THREQ   =  0.00D+00  THRDE   =  1.00D+00  THRREF  =  1.00D-05  SPARFAC =  1.00D+00  THRDLP  =  1.00D-07
 THRDIA  =  1.00D-10  THRDLS  =  1.00D-07  THRGPS  =  0.00D+00  THRKEX  =  0.00D+00  THRDIS  =  2.00D-01  THRVAR  =  1.00D-10
 THRLOC  =  1.00D-06  THRGAP  =  1.00D-06  THRLOCT = -1.00D+00  THRGAPT = -1.00D+00  THRORB  =  1.00D-06  THRMLTP =  0.00D+00
 THRCPQCI=  1.00D-10  KEXTA   =  0.00D+00  THRCOARS=  0.00D+00  SYMTOL  =  1.00D-06  GRADTOL =  1.00D-06  THROVL  =  1.00D-08
 THRORTH =  1.00D-08  GRID    =  1.00D-06  GRIDMAX =  1.00D-03  DTMAX   =  0.00D+00  THROCCDE=  1.00D-01  THROCCDE=  1.00D-01



 SETTING R3             =         0.85000000                                  
 SETTING XH1            =        -0.41860000                                  
 SETTING YH1            =        -0.81220000                                  
 SETTING ZH1            =     0.00000000D+00                                  
 SETTING XH2            =        -0.41860000                                  
 SETTING YH2            =         0.81220000                                  
 SETTING ZH2            =     0.00000000D+00                                  
 SETTING XH3            =         0.83730000                                  
 SETTING YH3            =     0.00000000D+00                                  
 SETTING ZH3            =     0.00000000D+00                                  
 SETTING XN             =         0.06920000                                  
 SETTING YN             =     0.00000000D+00                                  
 SETTING ZN             =         0.34610000                                  
 SETTING GEOMTYP        =    XYZ
 ZSYMEL=NOSYM
 
 SETTING BASIS          =    VQZ-F12
 SETTING SAVCI          =      4123.10000000                                  
 SETTING SAVCJ          =      4223.10000000                                  


 Recomputing integrals since basis changed


 Using spherical harmonics

 Library entry H      S cc-pVQZ-F12          selected for orbital group  1
 Library entry H      P cc-pVQZ-F12          selected for orbital group  1
 Library entry H      D cc-pVQZ-F12          selected for orbital group  1
 Library entry H      F cc-pVQZ-F12          selected for orbital group  1
 Library entry N      S cc-pVQZ-F12          selected for orbital group  2
 Library entry N      P cc-pVQZ-F12          selected for orbital group  2
 Library entry N      D cc-pVQZ-F12          selected for orbital group  2
 Library entry N      F cc-pVQZ-F12          selected for orbital group  2
 Library entry N      G cc-pVQZ-F12          selected for orbital group  2

1PROGRAM * SEWARD (Integral evaluation for generally contracted gaussian basis sets)     Author: Roland Lindh, 1990

 Geometry written to block  1 of record 700


 Point group  C1  



 ATOMIC COORDINATES

 NR  ATOM    CHARGE       X              Y              Z

   1  H       1.00   -0.791039356   -1.534835558    0.000000000
   2  H       1.00   -0.791039356    1.534835558    0.000000000
   3  H       1.00    1.582267684    0.000000000    0.000000000
   4  N       7.00    0.130769048    0.000000000    0.654034212

 Bond lengths in Bohr (Angstrom)

 1-4  1.906098548  2-4  1.906098548  3-4  1.592045552
     ( 1.008663913)     ( 1.008663913)     ( 0.842474225)

 Bond angles

  1-4-2  107.26371264   1-4-3  107.45491484   2-4-3  107.45491484


 BASIS DATA

   Nr Sym  Nuc  Type         Exponents   Contraction coefficients

    1.1 A     1  1s         402.000000     0.000279    0.000000    0.000000    0.000000    0.000000
    2.1 A                    60.240000     0.002165    0.000000    0.000000    0.000000    0.000000
    3.1 A                    13.730000     0.011201    0.000000    0.000000    0.000000    0.000000
    4.1 A                     3.905000     0.044878    0.000000    0.000000    0.000000    0.000000
    5.1 A                     1.283000     0.142299    1.000000    0.000000    0.000000    0.000000
                              0.465500     0.330979    0.000000    1.000000    0.000000    0.000000
                              0.181100     0.436269    0.000000    0.000000    1.000000    0.000000
                              0.072790     0.176440    0.000000    0.000000    0.000000    1.000000
    6.1 A     1  2px          3.259900     1.000000
    7.1 A     1  2py          3.259900     1.000000
    8.1 A     1  2pz          3.259900     1.000000
    9.1 A     1  2px          1.238900     1.000000
   10.1 A     1  2py          1.238900     1.000000
   11.1 A     1  2pz          1.238900     1.000000
   12.1 A     1  2px          0.470800     1.000000
   13.1 A     1  2py          0.470800     1.000000
   14.1 A     1  2pz          0.470800     1.000000
   15.1 A     1  2px          0.178900     1.000000
   16.1 A     1  2py          0.178900     1.000000
   17.1 A     1  2pz          0.178900     1.000000
   18.1 A     1  3d0          1.111100     1.000000
   19.1 A     1  3d2-         1.111100     1.000000
   20.1 A     1  3d1+         1.111100     1.000000
   21.1 A     1  3d2+         1.111100     1.000000
   22.1 A     1  3d1-         1.111100     1.000000
   23.1 A     1  3d0          0.350100     1.000000
   24.1 A     1  3d2-         0.350100     1.000000
   25.1 A     1  3d1+         0.350100     1.000000
   26.1 A     1  3d2+         0.350100     1.000000
   27.1 A     1  3d1-         0.350100     1.000000
   28.1 A     1  4f1+         0.479600     1.000000
   29.1 A     1  4f1-         0.479600     1.000000
   30.1 A     1  4f0          0.479600     1.000000
   31.1 A     1  4f3+         0.479600     1.000000
   32.1 A     1  4f2-         0.479600     1.000000
   33.1 A     1  4f3-         0.479600     1.000000
   34.1 A     1  4f2+         0.479600     1.000000
   35.1 A     2  1s         402.000000     0.000279    0.000000    0.000000    0.000000    0.000000
   36.1 A                    60.240000     0.002165    0.000000    0.000000    0.000000    0.000000
   37.1 A                    13.730000     0.011201    0.000000    0.000000    0.000000    0.000000
   38.1 A                     3.905000     0.044878    0.000000    0.000000    0.000000    0.000000
   39.1 A                     1.283000     0.142299    1.000000    0.000000    0.000000    0.000000
                              0.465500     0.330979    0.000000    1.000000    0.000000    0.000000
                              0.181100     0.436269    0.000000    0.000000    1.000000    0.000000
                              0.072790     0.176440    0.000000    0.000000    0.000000    1.000000
   40.1 A     2  2px          3.259900     1.000000
   41.1 A     2  2py          3.259900     1.000000
   42.1 A     2  2pz          3.259900     1.000000
   43.1 A     2  2px          1.238900     1.000000
   44.1 A     2  2py          1.238900     1.000000
   45.1 A     2  2pz          1.238900     1.000000
   46.1 A     2  2px          0.470800     1.000000
   47.1 A     2  2py          0.470800     1.000000
   48.1 A     2  2pz          0.470800     1.000000
   49.1 A     2  2px          0.178900     1.000000
   50.1 A     2  2py          0.178900     1.000000
   51.1 A     2  2pz          0.178900     1.000000
   52.1 A     2  3d0          1.111100     1.000000
   53.1 A     2  3d2-         1.111100     1.000000
   54.1 A     2  3d1+         1.111100     1.000000
   55.1 A     2  3d2+         1.111100     1.000000
   56.1 A     2  3d1-         1.111100     1.000000
   57.1 A     2  3d0          0.350100     1.000000
   58.1 A     2  3d2-         0.350100     1.000000
   59.1 A     2  3d1+         0.350100     1.000000
   60.1 A     2  3d2+         0.350100     1.000000
   61.1 A     2  3d1-         0.350100     1.000000
   62.1 A     2  4f1+         0.479600     1.000000
   63.1 A     2  4f1-         0.479600     1.000000
   64.1 A     2  4f0          0.479600     1.000000
   65.1 A     2  4f3+         0.479600     1.000000
   66.1 A     2  4f2-         0.479600     1.000000
   67.1 A     2  4f3-         0.479600     1.000000
   68.1 A     2  4f2+         0.479600     1.000000
   69.1 A     3  1s         402.000000     0.000279    0.000000    0.000000    0.000000    0.000000
   70.1 A                    60.240000     0.002165    0.000000    0.000000    0.000000    0.000000
   71.1 A                    13.730000     0.011201    0.000000    0.000000    0.000000    0.000000
   72.1 A                     3.905000     0.044878    0.000000    0.000000    0.000000    0.000000
   73.1 A                     1.283000     0.142299    1.000000    0.000000    0.000000    0.000000
                              0.465500     0.330979    0.000000    1.000000    0.000000    0.000000
                              0.181100     0.436269    0.000000    0.000000    1.000000    0.000000
                              0.072790     0.176440    0.000000    0.000000    0.000000    1.000000
   74.1 A     3  2px          3.259900     1.000000
   75.1 A     3  2py          3.259900     1.000000
   76.1 A     3  2pz          3.259900     1.000000
   77.1 A     3  2px          1.238900     1.000000
   78.1 A     3  2py          1.238900     1.000000
   79.1 A     3  2pz          1.238900     1.000000
   80.1 A     3  2px          0.470800     1.000000
   81.1 A     3  2py          0.470800     1.000000
   82.1 A     3  2pz          0.470800     1.000000
   83.1 A     3  2px          0.178900     1.000000
   84.1 A     3  2py          0.178900     1.000000
   85.1 A     3  2pz          0.178900     1.000000
   86.1 A     3  3d0          1.111100     1.000000
   87.1 A     3  3d2-         1.111100     1.000000
   88.1 A     3  3d1+         1.111100     1.000000
   89.1 A     3  3d2+         1.111100     1.000000
   90.1 A     3  3d1-         1.111100     1.000000
   91.1 A     3  3d0          0.350100     1.000000
   92.1 A     3  3d2-         0.350100     1.000000
   93.1 A     3  3d1+         0.350100     1.000000
   94.1 A     3  3d2+         0.350100     1.000000
   95.1 A     3  3d1-         0.350100     1.000000
   96.1 A     3  4f1+         0.479600     1.000000
   97.1 A     3  4f1-         0.479600     1.000000
   98.1 A     3  4f0          0.479600     1.000000
   99.1 A     3  4f3+         0.479600     1.000000
  100.1 A     3  4f2-         0.479600     1.000000
  101.1 A     3  4f3-         0.479600     1.000000
  102.1 A     3  4f2+         0.479600     1.000000
  103.1 A     4  1s      129200.000000     0.000025   -0.000006    0.000000    0.000000    0.000000    0.000000
  104.1 A                 19350.000000     0.000197   -0.000043    0.000000    0.000000    0.000000    0.000000
  105.1 A                  4404.000000     0.001032   -0.000227    0.000000    0.000000    0.000000    0.000000
  106.1 A                  1248.000000     0.004325   -0.000958    0.000000    0.000000    0.000000    0.000000
  107.1 A                   408.000000     0.015380   -0.003416    0.000000    0.000000    0.000000    0.000000
  108.1 A                   148.200000     0.046867   -0.010667    0.000000    0.000000    0.000000    0.000000
                             58.500000     0.120116   -0.028279    0.000000    0.000000    0.000000    0.000000
                             24.590000     0.245695   -0.064020    0.000000    0.000000    0.000000    0.000000
                             10.810000     0.361379   -0.113932    0.000000    0.000000    0.000000    0.000000
                              4.882000     0.287283   -0.146995    0.000000    0.000000    0.000000    0.000000
                              2.195000     0.070171   -0.007251    1.000000    0.000000    0.000000    0.000000
                              0.871500     0.001831    0.366183    0.000000    1.000000    0.000000    0.000000
                              0.350400     0.000835    0.547908    0.000000    0.000000    1.000000    0.000000
                              0.139700    -0.000006    0.216645    0.000000    0.000000    0.000000    1.000000
  109.1 A     4  1s           0.051800     1.000000
  110.1 A     4  2px        147.000000     0.000892
                             34.760000     0.007082
                             11.000000     0.032816
                              3.995000     0.108209
                              1.587000     0.248094
                              0.653300     0.374513
                              0.268600     0.348414
                              0.106700     0.128340
  111.1 A     4  2py        147.000000     0.000892
                             34.760000     0.007082
                             11.000000     0.032816
                              3.995000     0.108209
                              1.587000     0.248094
                              0.653300     0.374513
                              0.268600     0.348414
                              0.106700     0.128340
  112.1 A     4  2pz        147.000000     0.000892
                             34.760000     0.007082
                             11.000000     0.032816
                              3.995000     0.108209
                              1.587000     0.248094
                              0.653300     0.374513
                              0.268600     0.348414
                              0.106700     0.128340
  113.1 A     4  2px        147.000000     0.000000
                             34.760000     0.000000
                             11.000000     0.000000
                              3.995000     1.000000
                              1.587000     0.000000
                              0.653300     0.000000
                              0.268600     0.000000
                              0.106700     0.000000
  114.1 A     4  2py        147.000000     0.000000
                             34.760000     0.000000
                             11.000000     0.000000
                              3.995000     1.000000
                              1.587000     0.000000
                              0.653300     0.000000
                              0.268600     0.000000
                              0.106700     0.000000
  115.1 A     4  2pz        147.000000     0.000000
                             34.760000     0.000000
                             11.000000     0.000000
                              3.995000     1.000000
                              1.587000     0.000000
                              0.653300     0.000000
                              0.268600     0.000000
                              0.106700     0.000000
  116.1 A     4  2px        147.000000     0.000000
                             34.760000     0.000000
                             11.000000     0.000000
                              3.995000     0.000000
                              1.587000     1.000000
                              0.653300     0.000000
                              0.268600     0.000000
                              0.106700     0.000000
  117.1 A     4  2py        147.000000     0.000000
                             34.760000     0.000000
                             11.000000     0.000000
                              3.995000     0.000000
                              1.587000     1.000000
                              0.653300     0.000000
                              0.268600     0.000000
                              0.106700     0.000000
  118.1 A     4  2pz        147.000000     0.000000
                             34.760000     0.000000
                             11.000000     0.000000
                              3.995000     0.000000
                              1.587000     1.000000
                              0.653300     0.000000
                              0.268600     0.000000
                              0.106700     0.000000
  119.1 A     4  2px        147.000000     0.000000
                             34.760000     0.000000
                             11.000000     0.000000
                              3.995000     0.000000
                              1.587000     0.000000
                              0.653300     1.000000
                              0.268600     0.000000
                              0.106700     0.000000
  120.1 A     4  2py        147.000000     0.000000
                             34.760000     0.000000
                             11.000000     0.000000
                              3.995000     0.000000
                              1.587000     0.000000
                              0.653300     1.000000
                              0.268600     0.000000
                              0.106700     0.000000
  121.1 A     4  2pz        147.000000     0.000000
                             34.760000     0.000000
                             11.000000     0.000000
                              3.995000     0.000000
                              1.587000     0.000000
                              0.653300     1.000000
                              0.268600     0.000000
                              0.106700     0.000000
  122.1 A     4  2px        147.000000     0.000000
                             34.760000     0.000000
                             11.000000     0.000000
                              3.995000     0.000000
                              1.587000     0.000000
                              0.653300     0.000000
                              0.268600     1.000000
                              0.106700     0.000000
  123.1 A     4  2py        147.000000     0.000000
                             34.760000     0.000000
                             11.000000     0.000000
                              3.995000     0.000000
                              1.587000     0.000000
                              0.653300     0.000000
                              0.268600     1.000000
                              0.106700     0.000000
  124.1 A     4  2pz        147.000000     0.000000
                             34.760000     0.000000
                             11.000000     0.000000
                              3.995000     0.000000
                              1.587000     0.000000
                              0.653300     0.000000
                              0.268600     1.000000
                              0.106700     0.000000
  125.1 A     4  2px        147.000000     0.000000
                             34.760000     0.000000
                             11.000000     0.000000
                              3.995000     0.000000
                              1.587000     0.000000
                              0.653300     0.000000
                              0.268600     0.000000
                              0.106700     1.000000
  126.1 A     4  2py        147.000000     0.000000
                             34.760000     0.000000
                             11.000000     0.000000
                              3.995000     0.000000
                              1.587000     0.000000
                              0.653300     0.000000
                              0.268600     0.000000
                              0.106700     1.000000
  127.1 A     4  2pz        147.000000     0.000000
                             34.760000     0.000000
                             11.000000     0.000000
                              3.995000     0.000000
                              1.587000     0.000000
                              0.653300     0.000000
                              0.268600     0.000000
                              0.106700     1.000000
  128.1 A     4  2px          0.036900     1.000000
  129.1 A     4  2py          0.036900     1.000000
  130.1 A     4  2pz          0.036900     1.000000
  131.1 A     4  3d0          5.981700     1.000000
  132.1 A     4  3d2-         5.981700     1.000000
  133.1 A     4  3d1+         5.981700     1.000000
  134.1 A     4  3d2+         5.981700     1.000000
  135.1 A     4  3d1-         5.981700     1.000000
  136.1 A     4  3d0          2.205600     1.000000
  137.1 A     4  3d2-         2.205600     1.000000
  138.1 A     4  3d1+         2.205600     1.000000
  139.1 A     4  3d2+         2.205600     1.000000
  140.1 A     4  3d1-         2.205600     1.000000
  141.1 A     4  3d0          0.813300     1.000000
  142.1 A     4  3d2-         0.813300     1.000000
  143.1 A     4  3d1+         0.813300     1.000000
  144.1 A     4  3d2+         0.813300     1.000000
  145.1 A     4  3d1-         0.813300     1.000000
  146.1 A     4  3d0          0.299900     1.000000
  147.1 A     4  3d2-         0.299900     1.000000
  148.1 A     4  3d1+         0.299900     1.000000
  149.1 A     4  3d2+         0.299900     1.000000
  150.1 A     4  3d1-         0.299900     1.000000
  151.1 A     4  4f1+         2.472800     1.000000
  152.1 A     4  4f1-         2.472800     1.000000
  153.1 A     4  4f0          2.472800     1.000000
  154.1 A     4  4f3+         2.472800     1.000000
  155.1 A     4  4f2-         2.472800     1.000000
  156.1 A     4  4f3-         2.472800     1.000000
  157.1 A     4  4f2+         2.472800     1.000000
  158.1 A     4  4f1+         0.981900     1.000000
  159.1 A     4  4f1-         0.981900     1.000000
  160.1 A     4  4f0          0.981900     1.000000
  161.1 A     4  4f3+         0.981900     1.000000
  162.1 A     4  4f2-         0.981900     1.000000
  163.1 A     4  4f3-         0.981900     1.000000
  164.1 A     4  4f2+         0.981900     1.000000
  165.1 A     4  4f1+         0.389900     1.000000
  166.1 A     4  4f1-         0.389900     1.000000
  167.1 A     4  4f0          0.389900     1.000000
  168.1 A     4  4f3+         0.389900     1.000000
  169.1 A     4  4f2-         0.389900     1.000000
  170.1 A     4  4f3-         0.389900     1.000000
  171.1 A     4  4f2+         0.389900     1.000000
  172.1 A     4  5g0          1.397500     1.000000
  173.1 A     4  5g2-         1.397500     1.000000
  174.1 A     4  5g1+         1.397500     1.000000
  175.1 A     4  5g4+         1.397500     1.000000
  176.1 A     4  5g1-         1.397500     1.000000
  177.1 A     4  5g2+         1.397500     1.000000
  178.1 A     4  5g4-         1.397500     1.000000
  179.1 A     4  5g3+         1.397500     1.000000
  180.1 A     4  5g3-         1.397500     1.000000
  181.1 A     4  5g0          0.502700     1.000000
  182.1 A     4  5g2-         0.502700     1.000000
  183.1 A     4  5g1+         0.502700     1.000000
  184.1 A     4  5g4+         0.502700     1.000000
  185.1 A     4  5g1-         0.502700     1.000000
  186.1 A     4  5g2+         0.502700     1.000000
  187.1 A     4  5g4-         0.502700     1.000000
  188.1 A     4  5g3+         0.502700     1.000000
  189.1 A     4  5g3-         0.502700     1.000000

 NUCLEAR CHARGE:                   10
 NUMBER OF PRIMITIVE AOS:         252
 NUMBER OF SYMMETRY AOS:          212
 NUMBER OF CONTRACTIONS:          189   ( 189A   )
 NUMBER OF CORE ORBITALS:           1   (   1A   )
 NUMBER OF VALENCE ORBITALS:        7   (   7A   )


 NUCLEAR REPULSION ENERGY   12.77509689


 Eigenvalues of metric

         1 0.140E-04 0.452E-04 0.624E-04 0.917E-04 0.197E-03 0.202E-03 0.242E-03 0.366E-03


 Contracted 2-electron integrals neglected if value below      1.0D-12
 AO integral compression algorithm  1   Integral accuracy      1.0D-12

     934.281 MB (compressed) written to integral file ( 58.7%)


 NUMBER OF SORTED TWO-ELECTRON INTEGRALS:  161199990.     BUFFER LENGTH:  32768
 NUMBER OF SEGMENTS:  11  SEGMENT LENGTH:   15999503      RECORD LENGTH: 524288

 Memory used in sort:      16.56 MW

 SORT1 READ   199009115. AND WROTE   137044232. INTEGRALS IN    398 RECORDS. CPU TIME:     1.61 SEC, REAL TIME:     2.21 SEC
 SORT2 READ   137044232. AND WROTE   161199990. INTEGRALS IN   3564 RECORDS. CPU TIME:     1.57 SEC, REAL TIME:     2.00 SEC

 FILE SIZES:   FILE 1:   952.1 MBYTE,  FILE 4:  1669.4 MBYTE,   TOTAL:   2621.4 MBYTE

 OPERATOR DM      FOR CENTER  0  COORDINATES:    0.000000    0.000000    0.000000


 **********************************************************************************************************************************
 DATASETS  * FILE   NREC   LENGTH (MB)   RECORD NAMES
              1      19      785.14       500      700      610      900      950      970     1000      129      960     1100   
                                          VAR     GEOM    BASINP   SYMINP    ZMAT    AOBASIS   BASIS     P2S    ABASIS      S 
                                         1400     1410     1200     1210     1080     1600     1650     1300     1700   
                                           T        V       H0       H01     AOSYM     SMH    MOLCAS    ERIS     OPER   

              2       6        2.48       500      610      700     1000      520     2140   
                                          VAR    BASINP    GEOM     BASIS   MCVARS    MCSCF   

 PROGRAMS   *        TOTAL       INT   RESTART
 CPU TIMES  *         8.10      8.00      0.01
 REAL TIME  *        10.12 SEC
 DISK USED  *         2.62 GB      
 **********************************************************************************************************************************

1PROGRAM * MULTI (Direct Multiconfiguration SCF)       Authors: P.J. Knowles, H.-J. Werner (1984)     S.T. Elbert (1988)


 Number of closed-shell orbitals:   1 (   1 )
 Number of active  orbitals:       11 (  11 )
 Number of external orbitals:     177 ( 177 )

 State symmetry 1

 Number of electrons:     8    Spin symmetry=Singlet   Space symmetry=1
 Number of states:        4
 Number of CSFs:      32670   (108900 determinants, 108900 intermediate states)

 Iteration controls:
             1  2  3  4  5  6  7  8  9 10 11 12 13 14 15 16 17 18 19 20 21 22 23 24 25 26 27 28 29 30 31 32 33 34 35 36 37 38 39
 DIAGCI      T  T  T  T  T  T  T  T  T  T  T  T  T  T  T  T  T  T  T  T  T  T  T  T  T  T  T  T  T  T  T  T  T  T  T  T  T  T  T
 WERNER      T  T  T  T  T  T  T  T  T  T  T  T  T  T  T  T  T  T  T  T  T  T  T  T  T  T  T  T  T  T  T  T  T  T  T  T  T  T  T
 INTERNAL    F  T  T  T  T  T  T  T  T  T  T  T  T  T  T  T  T  T  T  T  T  T  T  T  T  T  T  T  T  T  T  T  T  T  T  T  T  T  T

 Molecular orbitals read from record     2140.2  Type=MCSCF/NATURAL (state averaged)

 Wavefunction dump at record             2140.2

 Convergence thresholds  0.10E-01 (gradient)  0.10E-06 (energy)  0.10E-02 (step length)

 Weight factors for state symmetry  1:    0.25000   0.25000   0.25000   0.25000

 Number of orbital rotations:     2135   (    11 Core/Active    177 Core/Virtual   0 Active/Active   1947 Active/Virtual)
 Total number of variables:     437735


 ITER. MIC  NCI  NEG     ENERGY(VAR)     ENERGY(PROJ)   ENERGY CHANGE     GRAD(0)  GRAD(ORB)   GRAD(CI)     STEP       TIME

   1   32   17    0     -56.09319582     -56.09319582   -0.00000000    0.00000046 0.00000027 0.00000189  0.10D-04     11.90

 ** WVFN ****  CONVERGENCE REACHED, FINAL GRADIENT:  0.30D-06



 Results for state 1.1
 =====================

 !MCSCF STATE 1.1 Energy              -56.291944010074
 Nuclear energy                        12.77509689
 Kinetic energy                        56.74650679
 One electron energy                 -101.11467796
 Two electron energy                   32.04763706
 Virial ratio                           1.99198959

 !MCSCF STATE 1.1 Dipole moment        -0.05637724    -0.00000000    -0.65231875
 Dipole moment /Debye                  -0.14328727    -0.00000000    -1.65792030

 Results for state 2.1
 =====================

 !MCSCF STATE 2.1 Energy              -56.059677138522
 Nuclear energy                        12.77509689
 Kinetic energy                        56.69355336
 One electron energy                  -98.99592696
 Two electron energy                   30.16115293
 Virial ratio                           1.98881925

 !MCSCF STATE 2.1 Dipole moment         0.02893226    -0.00000000     0.82109919
 Dipole moment /Debye                   0.07353366    -0.00000000     2.08688927

 Results for state 3.1
 =====================

 !MCSCF STATE 3.1 Energy              -56.010650946589
 Nuclear energy                        12.77509689
 Kinetic energy                        56.57224885
 One electron energy                  -98.47796681
 Two electron energy                   29.69221897
 Virial ratio                           1.99007291

 !MCSCF STATE 3.1 Dipole moment        -0.01263032    -0.00000000    -0.53513697
 Dipole moment /Debye                  -0.03210098    -0.00000001    -1.36009342

 Results for state 4.1
 =====================

 !MCSCF STATE 4.1 Energy              -56.010511168257
 Nuclear energy                        12.77509689
 Kinetic energy                        56.59260205
 One electron energy                  -98.52884886
 Two electron energy                   29.74324080
 Virial ratio                           1.98971436

 !MCSCF STATE 4.1 Dipole moment        -0.06632128     0.00000000    -0.41042220
 Dipole moment /Debye                  -0.16856085     0.00000001    -1.04312086

 State-averaged charge density matrix saved on record  2140.2 (density set 1)

 !MCSCF expec         <1.1|DMX|1.1>    -0.056377242978 au =    -0.143287273207 Debye
 !MCSCF trans         <2.1|DMX|1.1>    -0.099771257337 au =    -0.253576632224 Debye
 !MCSCF expec         <2.1|DMX|2.1>     0.028932262638 au =     0.073533660076 Debye
 !MCSCF trans         <3.1|DMX|1.1>     0.007048066701 au =     0.017913225366 Debye
 !MCSCF trans         <3.1|DMX|2.1>    -2.526837934609 au =    -6.422160757843 Debye
 !MCSCF expec         <3.1|DMX|3.1>    -0.012630323601 au =    -0.032100977858 Debye
 !MCSCF trans         <4.1|DMX|2.1>     0.000000048331 au =     0.000000122838 Debye
 !MCSCF expec         <4.1|DMX|4.1>    -0.066321282998 au =    -0.168560846443 Debye

 !MCSCF trans         <3.1|DMY|2.1>    -0.000000051071 au =    -0.000000129800 Debye
 !MCSCF trans         <4.1|DMY|1.1>     0.063679987931 au =     0.161847783726 Debye
 !MCSCF trans         <4.1|DMY|2.1>    -2.668170966927 au =    -6.781369966122 Debye
 !MCSCF trans         <4.1|DMY|3.1>    -0.097262426755 au =    -0.247200238592 Debye

 !MCSCF expec         <1.1|DMZ|1.1>    -0.652318752915 au =    -1.657920296034 Debye
 !MCSCF trans         <2.1|DMZ|1.1>    -0.653068990821 au =    -1.659827085691 Debye
 !MCSCF expec         <2.1|DMZ|2.1>     0.821099187369 au =     2.086889272633 Debye
 !MCSCF trans         <3.1|DMZ|1.1>    -0.024333827603 au =    -0.061846369559 Debye
 !MCSCF trans         <3.1|DMZ|2.1>     0.150651196119 au =     0.382892067031 Debye
 !MCSCF expec         <3.1|DMZ|3.1>    -0.535136971351 au =    -1.360093423646 Debye
 !MCSCF expec         <4.1|DMZ|4.1>    -0.410422202610 au =    -1.043120861710 Debye


 NATURAL ORBITALS (state averaged)
 =================================

   Orb     Occ        Energy       Coefficients

                                   1 1s      1 1s      1 1s      1 1s      1 1s      1 2px     1 2py     1 2pz     1 2px     1 2py  
                                   1 2pz     1 2px     1 2py     1 2pz     1 2px     1 2py     1 2pz     1 3d0     1 3d2-    1 3d1+ 
                                   1 3d2+    1 3d1-    1 3d0     1 3d2-    1 3d1+    1 3d2+    1 3d1-    1 4f1+    1 4f1-    1 4f0  
                                   1 4f3+    1 4f2-    1 4f3-    1 4f2+    2 1s      2 1s      2 1s      2 1s      2 1s      2 2px  
                                   2 2py     2 2pz     2 2px     2 2py     2 2pz     2 2px     2 2py     2 2pz     2 2px     2 2py  
                                   2 2pz     2 3d0     2 3d2-    2 3d1+    2 3d2+    2 3d1-    2 3d0     2 3d2-    2 3d1+    2 3d2+ 
                                   2 3d1-    2 4f1+    2 4f1-    2 4f0     2 4f3+    2 4f2-    2 4f3-    2 4f2+    3 1s      3 1s   
                                   3 1s      3 1s      3 1s      3 2px     3 2py     3 2pz     3 2px     3 2py     3 2pz     3 2px  
                                   3 2py     3 2pz     3 2px     3 2py     3 2pz     3 3d0     3 3d2-    3 3d1+    3 3d2+    3 3d1- 
                                   3 3d0     3 3d2-    3 3d1+    3 3d2+    3 3d1-    3 4f1+    3 4f1-    3 4f0     3 4f3+    3 4f2- 
                                   3 4f3-    3 4f2+    4 1s      4 1s      4 1s      4 1s      4 1s      4 1s      4 1s      4 2px  
                                   4 2py     4 2pz     4 2px     4 2py     4 2pz     4 2px     4 2py     4 2pz     4 2px     4 2py  
                                   4 2pz     4 2px     4 2py     4 2pz     4 2px     4 2py     4 2pz     4 2px     4 2py     4 2pz  
                                   4 3d0     4 3d2-    4 3d1+    4 3d2+    4 3d1-    4 3d0     4 3d2-    4 3d1+    4 3d2+    4 3d1- 
                                   4 3d0     4 3d2-    4 3d1+    4 3d2+    4 3d1-    4 3d0     4 3d2-    4 3d1+    4 3d2+    4 3d1- 
                                   4 4f1+    4 4f1-    4 4f0     4 4f3+    4 4f2-    4 4f3-    4 4f2+    4 4f1+    4 4f1-    4 4f0  
                                   4 4f3+    4 4f2-    4 4f3-    4 4f2+    4 4f1+    4 4f1-    4 4f0     4 4f3+    4 4f2-    4 4f3- 
                                   4 4f2+    4 5g0     4 5g2-    4 5g1+    4 5g4+    4 5g1-    4 5g2+    4 5g4-    4 5g3+    4 5g3- 
                                   4 5g0     4 5g2-    4 5g1+    4 5g4+    4 5g1-    4 5g2+    4 5g4-    4 5g3+    4 5g3- 

   1.1  2.00000   -15.701310     0.000187 -0.000019 -0.000540 -0.000478 -0.000001  0.000012  0.000018  0.000007 -0.000013 -0.000011
                                 0.000000 -0.000025 -0.000099 -0.000047 -0.000023 -0.000056 -0.000025 -0.000001  0.000005  0.000007
                                -0.000005  0.000011 -0.000020  0.000040  0.000024 -0.000010  0.000015 -0.000004 -0.000007 -0.000018
                                -0.000021  0.000019  0.000000 -0.000006  0.000187 -0.000019 -0.000540 -0.000478 -0.000001  0.000012
                                -0.000018  0.000007 -0.000013  0.000011  0.000000 -0.000025  0.000099 -0.000047 -0.000023  0.000056
                                -0.000025 -0.000001 -0.000005  0.000007 -0.000005 -0.000011 -0.000020 -0.000040  0.000024 -0.000010
                                -0.000015 -0.000004  0.000007 -0.000018 -0.000021 -0.000019 -0.000000 -0.000006  0.001395 -0.000216
                                -0.001001 -0.000817 -0.000142 -0.000051 -0.000000  0.000025  0.000078  0.000000 -0.000028  0.000069
                                -0.000000  0.000032 -0.000030 -0.000000  0.000024  0.000004  0.000000 -0.000007 -0.000010 -0.000000
                                -0.000034  0.000000 -0.000079  0.000051 -0.000000  0.000009  0.000000 -0.000023 -0.000010  0.000000
                                -0.000000  0.000023  1.000883  0.004845  0.001546 -0.002464 -0.002355 -0.000322 -0.000253 -0.000169
                                -0.000000 -0.001901  0.000026  0.000000  0.000053  0.000257  0.000000  0.000264  0.000145  0.000000
                                 0.000528 -0.000085  0.000000  0.000137 -0.000017  0.000000  0.000176  0.000000 -0.000000  0.000026
                                 0.000076  0.000000  0.000006  0.000003  0.000000 -0.000161 -0.000000 -0.000119  0.000120  0.000000
                                -0.000108  0.000000 -0.000053  0.000039 -0.000000 -0.000115 -0.000000  0.000002 -0.000004 -0.000000
                                 0.000000  0.000000  0.000086  0.000123  0.000000 -0.000000 -0.000055  0.000011 -0.000000  0.000085
                                 0.000129 -0.000000 -0.000000 -0.000012  0.000046  0.000000  0.000044  0.000098  0.000000  0.000000
                                 0.000005 -0.000010 -0.000000  0.000015  0.000013  0.000000  0.000009  0.000000 -0.000083  0.000000
                                -0.000002 -0.000000 -0.000021 -0.000020  0.000000  0.000001  0.000000  0.000008 -0.000000

   2.1  1.98716    -1.287612     0.227605 -0.004473 -0.039129 -0.092960 -0.045769  0.001244  0.001312  0.000328  0.003134  0.002710
                                 0.000351  0.006910  0.003874  0.000057  0.002088  0.000032  0.000214 -0.000629  0.000999  0.000194
                                 0.000253 -0.000002 -0.000799  0.001489  0.000678  0.000292  0.000237 -0.000104 -0.000160 -0.000261
                                -0.000245  0.000295  0.000064 -0.000072  0.227605 -0.004473 -0.039129 -0.092960 -0.045769  0.001244
                                -0.001312  0.000328  0.003134 -0.002710  0.000351  0.006910 -0.003874  0.000057  0.002088 -0.000032
                                 0.000214 -0.000629 -0.000999  0.000194  0.000253  0.000002 -0.000799 -0.001489  0.000678  0.000292
                                -0.000237 -0.000104  0.000160 -0.000261 -0.000245 -0.000295 -0.000064 -0.000072  0.802710 -0.018050
                                -0.137299 -0.277880 -0.141357 -0.005301  0.000000  0.002256 -0.005506 -0.000000  0.001970 -0.016880
                                -0.000000  0.008217 -0.008299  0.000000  0.003699 -0.000799 -0.000000 -0.001445  0.001737 -0.000000
                                -0.002154 -0.000000 -0.004490  0.004525  0.000000  0.000529 -0.000000 -0.000997 -0.001086 -0.000000
                                 0.000000  0.001469 -0.005547  0.795043 -0.003286 -0.005272 -0.071313 -0.104534  0.006309  0.312510
                                -0.000000 -0.181876 -0.001447 -0.000000  0.000957 -0.001083  0.000000  0.002697 -0.012643 -0.000000
                                 0.003031 -0.043481  0.000000  0.023029 -0.033273  0.000000  0.019632  0.001828 -0.000000 -0.001287
                                -0.000357 -0.000000 -0.000352  0.000340  0.000000 -0.002065  0.000000 -0.003589  0.003838 -0.000000
                                -0.008474 -0.000000 -0.010168  0.009421  0.000000 -0.003918  0.000000 -0.006948  0.006942  0.000000
                                -0.000031  0.000000  0.000849  0.001244 -0.000000  0.000000 -0.000939 -0.000214 -0.000000  0.004272
                                 0.005728  0.000000  0.000000 -0.001693  0.001096 -0.000000  0.001937  0.003323 -0.000000 -0.000000
                                -0.001407 -0.000404  0.000000  0.000586  0.000736  0.000000  0.000086 -0.000000 -0.001838 -0.000000
                                -0.000105  0.000000 -0.000249 -0.000435 -0.000000  0.000096  0.000000 -0.000366  0.000000

   3.1  1.97902    -0.876535    -0.487043  0.005718  0.055884  0.135785  0.080772 -0.000380 -0.002615 -0.001072  0.000579 -0.005644
                                -0.002054  0.002241 -0.015087 -0.006038  0.001186 -0.008168 -0.002893  0.000488 -0.000163 -0.000223
                                 0.002136 -0.001135  0.000889 -0.000354 -0.000724  0.003196 -0.002155  0.000048  0.000332  0.000441
                                 0.000424 -0.000570  0.000295  0.000307 -0.487043  0.005718  0.055884  0.135785  0.080772 -0.000380
                                 0.002615 -0.001072  0.000579  0.005644 -0.002054  0.002241  0.015087 -0.006038  0.001186  0.008168
                                -0.002893  0.000488  0.000163 -0.000223  0.002136  0.001135  0.000889  0.000354 -0.000724  0.003196
                                 0.002155  0.000048 -0.000332  0.000441  0.000424  0.000570 -0.000295  0.000307  0.580153 -0.007248
                                -0.066928 -0.157683 -0.088608 -0.002824 -0.000000  0.002138 -0.002102 -0.000000  0.002718 -0.009381
                                -0.000000  0.008809 -0.005020 -0.000000  0.002708  0.000018  0.000000 -0.001458  0.001317 -0.000000
                                -0.000069  0.000000 -0.002042  0.002559 -0.000000  0.000183 -0.000000 -0.000320 -0.000959  0.000000
                                -0.000000  0.000854  0.002374 -0.303392  0.001987  0.002003 -0.005463  0.017384 -0.005722  0.743090
                                 0.000000  0.005484 -0.001979  0.000000 -0.000027 -0.004552 -0.000000 -0.001419 -0.021617 -0.000000
                                 0.004457 -0.080031 -0.000000  0.005254 -0.072426 -0.000000  0.000325  0.004678  0.000000  0.000509
                                 0.000172  0.000000 -0.000627  0.000662 -0.000000  0.000300  0.000000 -0.004933  0.005834 -0.000000
                                 0.003862  0.000000 -0.016700  0.016934 -0.000000  0.002940 -0.000000 -0.013039  0.014039 -0.000000
                                -0.000214 -0.000000  0.000108  0.000119  0.000000 -0.000000 -0.000968 -0.001935  0.000000 -0.001521
                                -0.002427 -0.000000  0.000000 -0.002155  0.000280 -0.000000 -0.001286 -0.003274  0.000000  0.000000
                                -0.002707  0.000010 -0.000000  0.001251  0.001767  0.000000 -0.000375  0.000000  0.000507  0.000000
                                 0.000091 -0.000000  0.000164 -0.000198 -0.000000  0.000135  0.000000  0.000975 -0.000000

   4.1  1.97520    -0.784540    -0.617328  0.005596  0.060185  0.151931  0.096013 -0.002014 -0.002097 -0.001374 -0.004137 -0.002099
                                -0.002405 -0.011822 -0.006308 -0.007025 -0.007136 -0.004264 -0.003079  0.000027 -0.001250 -0.000688
                                -0.000894 -0.000651 -0.000229 -0.001135 -0.000813 -0.001352 -0.000865  0.000050 -0.000052  0.000089
                                 0.000127 -0.000259 -0.000176  0.000201  0.617328 -0.005596 -0.060185 -0.151931 -0.096013  0.002014
                                -0.002097  0.001374  0.004137 -0.002099  0.002405  0.011822 -0.006308  0.007025  0.007136 -0.004264
                                 0.003079 -0.000027 -0.001250  0.000688  0.000894 -0.000651  0.000229 -0.001135  0.000813  0.001352
                                -0.000865 -0.000050 -0.000052 -0.000089 -0.000127 -0.000259 -0.000176 -0.000201 -0.000000  0.000000
                                -0.000000  0.000000  0.000000  0.000000  0.002326 -0.000000 -0.000000  0.005423  0.000000  0.000000
                                 0.015487  0.000000 -0.000000  0.007797  0.000000  0.000000 -0.002249 -0.000000 -0.000000  0.000347
                                 0.000000 -0.002685 -0.000000 -0.000000 -0.000105 -0.000000 -0.000188  0.000000  0.000000  0.000427
                                 0.000041  0.000000  0.000000  0.000000  0.000000  0.000000  0.000000 -0.000000 -0.000000 -0.000000
                                 0.773828  0.000000 -0.000000 -0.001678  0.000000 -0.000000 -0.006997 -0.000000  0.000000 -0.006627
                                -0.000000 -0.000000 -0.079722  0.000000 -0.000000 -0.070885  0.000000 -0.000000  0.006140  0.000000
                                -0.000000 -0.000722 -0.000000  0.000000 -0.000571  0.000000 -0.004132  0.000000 -0.000000 -0.003752
                                 0.000000 -0.019110 -0.000000  0.000000 -0.018333  0.000000 -0.014074 -0.000000  0.000000 -0.009445
                                 0.000000 -0.000146  0.000000  0.000000  0.000377  0.000246  0.000000  0.000000 -0.002157 -0.000000
                                -0.000000  0.002923  0.000726  0.000000  0.000000 -0.000036  0.000000  0.000000  0.003037  0.000103
                                -0.000000 -0.000000  0.000479 -0.000000 -0.000000  0.001437 -0.000000  0.002164  0.000000 -0.000379
                                 0.000000 -0.000337  0.000000 -0.000000  0.000177 -0.000000 -0.000310 -0.000000 -0.000042

   5.1  1.23657    -0.418489    -0.157740  0.001388  0.016172  0.032291  0.024693 -0.000503 -0.001008  0.001352 -0.000882 -0.001895
                                 0.005444 -0.002977 -0.005754  0.014454 -0.002011 -0.005449  0.013519  0.001496 -0.000715  0.001137
                                 0.000449  0.001792  0.001096 -0.001670  0.001508  0.001277  0.002683 -0.000001  0.000018 -0.000170
                                 0.000406  0.000066  0.000124 -0.000036 -0.157740  0.001388  0.016172  0.032291  0.024693 -0.000503
                                 0.001008  0.001352 -0.000882  0.001895  0.005444 -0.002977  0.005754  0.014454 -0.002011  0.005449
                                 0.013519  0.001496  0.000715  0.001137  0.000449 -0.001792  0.001096  0.001670  0.001508  0.001277
                                -0.002683 -0.000001 -0.000018 -0.000170  0.000406 -0.000066 -0.000124 -0.000036 -0.162686  0.002243
                                 0.019519  0.041565  0.026543  0.001830 -0.000000  0.002372  0.003518  0.000000  0.005988  0.010764
                                 0.000000  0.014963  0.007280 -0.000000  0.013432  0.001752 -0.000000 -0.001199 -0.001484  0.000000
                                 0.001018  0.000000 -0.001262 -0.003148 -0.000000  0.000128  0.000000 -0.000079  0.000470  0.000000
                                -0.000000 -0.000348  0.002978  0.308402 -0.000088  0.009717  0.026390  0.055214  0.013493  0.041887
                                -0.000000  0.900539 -0.000032  0.000000 -0.000960 -0.000693 -0.000000 -0.002598  0.004435  0.000000
                                -0.010367  0.000042  0.000000 -0.030252  0.000835  0.000000 -0.004200  0.000211  0.000000  0.003825
                                 0.000105  0.000000  0.000027 -0.000007 -0.000000  0.001329 -0.000000  0.001087 -0.000159  0.000000
                                 0.000930  0.000000  0.001285  0.001281 -0.000000  0.002809 -0.000000  0.001035 -0.000730  0.000000
                                -0.000214 -0.000000  0.000338 -0.000147 -0.000000 -0.000000  0.000258 -0.000577  0.000000 -0.000694
                                -0.000581 -0.000000  0.000000 -0.000049  0.000098 -0.000000 -0.001037 -0.000615  0.000000 -0.000000
                                 0.000332  0.001293 -0.000000  0.000274  0.000224 -0.000000 -0.000389  0.000000  0.001198  0.000000
                                -0.000133 -0.000000  0.000082  0.000199  0.000000 -0.000018 -0.000000  0.000131 -0.000000

   6.1  0.25333     0.022212     0.043739 -0.004035  0.303053  0.150662 -0.761458 -0.001617 -0.002922 -0.000757  0.005151  0.008172
                                 0.001435  0.038450  0.049524  0.040919 -0.081564 -0.085895  0.086362 -0.002245  0.005113  0.001405
                                -0.001903  0.002419  0.013757 -0.038068  0.009202  0.016511  0.015807  0.002463  0.002299 -0.000586
                                 0.009369 -0.000354 -0.002147 -0.000204  0.043739 -0.004035  0.303053  0.150662 -0.761458 -0.001617
                                 0.002922 -0.000757  0.005151 -0.008172  0.001435  0.038450 -0.049524  0.040919 -0.081564  0.085895
                                 0.086362 -0.002245 -0.005113  0.001405 -0.001903 -0.002419  0.013757  0.038068  0.009202  0.016511
                                -0.015807  0.002463 -0.002299 -0.000586  0.009369  0.000354  0.002147 -0.000204  0.013254  0.021305
                                 0.138705 -0.441942 -1.074207  0.001709  0.000000  0.000308 -0.020854 -0.000000  0.006728 -0.010056
                                -0.000000  0.080049  0.205168 -0.000000  0.067457 -0.000266  0.000000 -0.006302  0.005071 -0.000000
                                 0.008499  0.000000 -0.037620 -0.041800 -0.000000  0.000278 -0.000000 -0.001144  0.009715  0.000000
                                 0.000000  0.003879 -0.007060 -0.296949 -0.007907  0.107251 -0.336145  0.007603  3.089737  0.170786
                                 0.000000  0.102548  0.000503  0.000000 -0.000494  0.001824 -0.000000 -0.002891 -0.054945  0.000000
                                 0.014474  0.240872  0.000000 -0.005238  0.272697  0.000000 -0.489319 -0.529001 -0.000000 -0.321764
                                 0.000659 -0.000000 -0.000120  0.000115 -0.000000 -0.001766  0.000000 -0.000020  0.000087  0.000000
                                 0.028289 -0.000000  0.006985 -0.010258 -0.000000  0.218511 -0.000000 -0.097568  0.093001 -0.000000
                                -0.000412 -0.000000 -0.000024  0.000685 -0.000000 -0.000000 -0.000025 -0.000169 -0.000000 -0.009432
                                -0.015739  0.000000 -0.000000  0.004050 -0.000407 -0.000000 -0.056533 -0.053746  0.000000  0.000000
                                -0.030273  0.000622  0.000000 -0.000372 -0.000004  0.000000 -0.000514  0.000000  0.004470  0.000000
                                -0.000537 -0.000000  0.003053  0.002041  0.000000  0.002589  0.000000  0.006312 -0.000000

   7.1  0.25288     0.051896     0.009301  0.011181 -0.357625 -0.653056  0.043051  0.000977  0.001499  0.001083 -0.000233 -0.000437
                                -0.002404 -0.051040 -0.085383  0.004117 -0.073461 -0.045147 -0.035378  0.002084 -0.001421 -0.000011
                                 0.001320  0.000602 -0.004445  0.007854  0.013941 -0.011331  0.024011 -0.001203 -0.002582 -0.003877
                                -0.004875  0.007246 -0.001548 -0.004604 -0.009301 -0.011181  0.357625  0.653056 -0.043051 -0.000977
                                 0.001499 -0.001083  0.000233 -0.000437  0.002404  0.051040 -0.085383 -0.004117  0.073461 -0.045147
                                 0.035378 -0.002084 -0.001421  0.000011 -0.001320  0.000602  0.004445  0.007854 -0.013941  0.011331
                                 0.024011  0.001203 -0.002582  0.003877  0.004875  0.007246 -0.001548  0.004604 -0.000000  0.000000
                                 0.000000 -0.000000 -0.000000  0.000000 -0.000446 -0.000000 -0.000000 -0.001472  0.000000  0.000000
                                -0.013145 -0.000000  0.000000  0.098566 -0.000000 -0.000000  0.001038 -0.000000  0.000000  0.000682
                                -0.000000 -0.025204  0.000000 -0.000000 -0.011398  0.000000 -0.002911  0.000000  0.000000  0.001438
                                 0.007415  0.000000 -0.000000 -0.000000 -0.000000  0.000000 -0.000000 -0.000000  0.000000 -0.000000
                                -0.285561  0.000000  0.000000 -0.000650  0.000000 -0.000000  0.001057 -0.000000  0.000000  0.025688
                                 0.000000  0.000000 -0.702589  0.000000  0.000000 -0.499076 -0.000000  0.000000  1.156957  0.000000
                                 0.000000  0.000344  0.000000  0.000000  0.000282  0.000000 -0.000763  0.000000 -0.000000 -0.000027
                                 0.000000  0.010096  0.000000  0.000000  0.012715  0.000000  0.269566 -0.000000  0.000000  0.269335
                                -0.000000  0.000475  0.000000  0.000000 -0.000268 -0.000100 -0.000000  0.000000  0.001252 -0.000000
                                -0.000000 -0.000085 -0.000371 -0.000000 -0.000000 -0.002012 -0.000000 -0.000000 -0.075704  0.006886
                                -0.000000 -0.000000 -0.000098 -0.000000  0.000000 -0.000502 -0.000000 -0.000915  0.000000  0.000141
                                 0.000000  0.003362 -0.000000 -0.000000 -0.008231 -0.000000 -0.004836  0.000000 -0.000551

   8.1  0.25135     0.041231     0.041034  0.004396 -0.137228 -0.427946 -0.304512  0.000336 -0.000585  0.000302 -0.000938  0.002021
                                -0.002133 -0.006518 -0.053069  0.016168  0.021047 -0.155313  0.020501  0.000453 -0.000020  0.001080
                                -0.000266  0.000439  0.003326  0.004905  0.013643  0.029084  0.027665 -0.000877  0.000044 -0.004164
                                 0.001067  0.005280  0.005425 -0.002956  0.041034  0.004396 -0.137228 -0.427946 -0.304512  0.000336
                                 0.000585  0.000302 -0.000938 -0.002021 -0.002133 -0.006518  0.053069  0.016168  0.021047  0.155313
                                 0.020501  0.000453  0.000020  0.001080 -0.000266 -0.000439  0.003326 -0.004905  0.013643  0.029084
                                -0.027665 -0.000877 -0.000044 -0.004164  0.001067 -0.005280 -0.005425 -0.002956 -0.103372  0.004369
                                 0.572359  0.397995 -1.224266  0.003727 -0.000000 -0.001694 -0.019004  0.000000  0.008752 -0.052825
                                -0.000000 -0.006352  0.175291 -0.000000  0.021937 -0.001993 -0.000000 -0.002882  0.003528  0.000000
                                 0.025691  0.000000  0.034824 -0.074162  0.000000 -0.007820  0.000000  0.002366  0.012202 -0.000000
                                -0.000000 -0.006896 -0.002017 -0.136619  0.000757  0.025875 -0.121472  0.571758  1.920054 -0.173584
                                 0.000000  0.062904 -0.000251  0.000000 -0.000494  0.002530 -0.000000 -0.000276 -0.015418  0.000000
                                 0.009165 -0.728827 -0.000000 -0.035432 -0.216972  0.000000 -0.337075  1.123671 -0.000000 -0.273744
                                 0.000244 -0.000000  0.000371 -0.000371 -0.000000 -0.000127 -0.000000  0.000111 -0.000680 -0.000000
                                 0.013095 -0.000000  0.024327 -0.023966 -0.000000  0.056145 -0.000000  0.289389 -0.185912 -0.000000
                                 0.000076 -0.000000 -0.000323 -0.000021 -0.000000  0.000000  0.000641  0.002072  0.000000 -0.004195
                                -0.006857  0.000000 -0.000000  0.004099 -0.017415  0.000000 -0.012130  0.005619  0.000000  0.000000
                                 0.055387  0.000208 -0.000000 -0.000951 -0.000960  0.000000  0.000010  0.000000  0.001866  0.000000
                                 0.000829 -0.000000 -0.005382 -0.004513 -0.000000 -0.004638 -0.000000 -0.002564  0.000000

   9.1  0.02089     0.739194     0.782516  0.046888  0.027352 -0.247117 -0.089744 -0.001138 -0.002487 -0.001182  0.007028  0.009196
                                 0.002120  0.017366  0.018912  0.019946  0.006630  0.023287  0.005748 -0.000132  0.000835  0.000423
                                 0.000146  0.000786 -0.004632  0.014374  0.009632 -0.004831  0.014857 -0.000149  0.000015 -0.001512
                                -0.001486  0.003015  0.001234 -0.001101 -0.782516 -0.046888 -0.027352  0.247117  0.089744  0.001138
                                -0.002487  0.001182 -0.007028  0.009196 -0.002120 -0.017366  0.018912 -0.019946 -0.006630  0.023287
                                -0.005748  0.000132  0.000835 -0.000423 -0.000146  0.000786  0.004632  0.014374 -0.009632  0.004831
                                 0.014857  0.000149  0.000015  0.001512  0.001486  0.003015  0.001234  0.001101  0.000000 -0.000000
                                -0.000000 -0.000000 -0.000000  0.000000  0.000325  0.000000  0.000000 -0.005186 -0.000000  0.000000
                                -0.035977 -0.000000  0.000000  0.012799 -0.000000  0.000000  0.002258  0.000000 -0.000000 -0.000852
                                -0.000000  0.005159  0.000000 -0.000000 -0.012668  0.000000 -0.001820 -0.000000 -0.000000  0.003213
                                 0.000334 -0.000000 -0.000000 -0.000000 -0.000000  0.000000  0.000000  0.000000  0.000000 -0.000000
                                 1.366509 -0.000000  0.000000  0.002204 -0.000000 -0.000000  0.081741 -0.000000  0.000000 -0.001604
                                -0.000000  0.000000 -0.681941  0.000000  0.000000 -0.376120 -0.000000  0.000000  0.396237  0.000000
                                -0.000000 -0.000512 -0.000000 -0.000000  0.001109 -0.000000 -0.012353 -0.000000 -0.000000  0.002560
                                -0.000000 -0.047036 -0.000000  0.000000  0.003885 -0.000000  0.067218  0.000000 -0.000000  0.093390
                                 0.000000 -0.001160 -0.000000  0.000000  0.001260  0.000860  0.000000 -0.000000 -0.005525  0.000000
                                 0.000000  0.007726  0.002274 -0.000000 -0.000000 -0.001648 -0.000000 -0.000000 -0.014881  0.010198
                                 0.000000  0.000000  0.001030  0.000000  0.000000  0.002936  0.000000  0.005264 -0.000000 -0.000856
                                 0.000000 -0.001138 -0.000000  0.000000 -0.002946 -0.000000 -0.001471  0.000000 -0.002186

  10.1  0.01798     0.819795    -0.708215 -0.044142 -0.031227  0.139069 -0.136913  0.001168  0.001152  0.000920 -0.001743 -0.010239
                                -0.003065 -0.002448 -0.038302 -0.004970 -0.043485 -0.059573  0.017902 -0.000163  0.001581  0.000334
                                 0.001724 -0.000130  0.007066 -0.015930  0.002421  0.014802 -0.001603  0.000467  0.000336 -0.000719
                                 0.002493  0.000761  0.001419  0.001164 -0.708215 -0.044142 -0.031227  0.139069 -0.136913  0.001168
                                -0.001152  0.000920 -0.001743  0.010239 -0.003065 -0.002448  0.038302 -0.004970 -0.043485  0.059573
                                 0.017902 -0.000163 -0.001581  0.000334  0.001724  0.000130  0.007066  0.015930  0.002421  0.014802
                                 0.001603  0.000467 -0.000336 -0.000719  0.002493 -0.000761 -0.001419  0.001164  0.469648  0.046597
                                 0.092474 -0.193022 -0.315553  0.005552  0.000000 -0.003237  0.000556 -0.000000 -0.001456 -0.005969
                                -0.000000  0.041089  0.042355 -0.000000  0.040517  0.002004  0.000000  0.002089 -0.004288 -0.000000
                                 0.005579  0.000000 -0.023325 -0.010779 -0.000000 -0.001414 -0.000000  0.000163  0.005553  0.000000
                                -0.000000  0.000376  0.018254  0.435376  0.000886  0.173479 -0.101124 -0.062197  0.908706 -1.324005
                                -0.000000 -0.242934 -0.001861  0.000000 -0.000588 -0.091467 -0.000000 -0.010875  0.037626  0.000000
                                -0.008469  0.630540  0.000000  0.034295  0.319881  0.000000 -0.104620 -0.312462 -0.000000 -0.084518
                                -0.000036  0.000000 -0.001099 -0.000474 -0.000000 -0.003461  0.000000  0.000766 -0.017295  0.000000
                                -0.006461  0.000000 -0.002279 -0.047895 -0.000000  0.058153 -0.000000 -0.068700  0.029296  0.000000
                                 0.001666 -0.000000  0.000263  0.001908 -0.000000 -0.000000  0.002599  0.005020  0.000000  0.002077
                                 0.007164 -0.000000  0.000000  0.005691  0.001507 -0.000000 -0.013287 -0.003987  0.000000  0.000000
                                -0.009490 -0.000183 -0.000000 -0.002752 -0.004417  0.000000  0.001248  0.000000 -0.001383  0.000000
                                -0.000147  0.000000  0.002513  0.001801 -0.000000  0.000158  0.000000 -0.000847 -0.000000

  11.1  0.01409     0.757417     0.039275 -0.002021  0.026148 -0.079906 -0.005376  0.000171  0.000247  0.002823 -0.000171  0.000285
                                 0.012968  0.002474  0.002282  0.056283 -0.003727 -0.021457  0.065044  0.001724 -0.000679  0.002343
                                 0.000070  0.003891  0.006371 -0.008929  0.007368  0.006541  0.015303  0.001059  0.001750 -0.001575
                                 0.003006  0.001372 -0.000057 -0.001429  0.039275 -0.002021  0.026148 -0.079906 -0.005376  0.000171
                                -0.000247  0.002823 -0.000171 -0.000285  0.012968  0.002474 -0.002282  0.056283 -0.003727  0.021457
                                 0.065044  0.001724  0.000679  0.002343  0.000070 -0.003891  0.006371  0.008929  0.007368  0.006541
                                -0.015303  0.001059 -0.001750 -0.001575  0.003006 -0.001372  0.000057 -0.001429 -0.051901 -0.008889
                                 0.072259 -0.014618 -0.005382 -0.001484  0.000000  0.003292 -0.008076  0.000000  0.019310 -0.009957
                                 0.000000  0.061274  0.024157 -0.000000  0.071975  0.000096 -0.000000 -0.007571  0.003355  0.000000
                                 0.007768  0.000000 -0.017070 -0.013119 -0.000000 -0.002922  0.000000 -0.002332  0.001780  0.000000
                                -0.000000  0.003325 -0.025955 -0.425598 -0.014515 -0.179835  0.149527  0.453086  0.030666  0.097716
                                -0.000000 -1.204730  0.000167  0.000000 -0.003955  0.011245 -0.000000 -0.085219 -0.041787  0.000000
                                 0.062197 -0.096365 -0.000000  0.775730 -0.023247  0.000000  0.495201  0.047193 -0.000000  0.017371
                                -0.003240  0.000000 -0.000187  0.000050 -0.000000 -0.025289  0.000000 -0.004283  0.002653  0.000000
                                -0.086252  0.000000 -0.002235 -0.004199 -0.000000 -0.043107 -0.000000  0.016434 -0.010853  0.000000
                                 0.000313 -0.000000 -0.000549 -0.000443 -0.000000 -0.000000 -0.000880  0.000939  0.000000 -0.005414
                                 0.000388  0.000000 -0.000000  0.001100 -0.004697 -0.000000 -0.023650 -0.003346  0.000000 -0.000000
                                 0.002192 -0.000448 -0.000000 -0.000222 -0.000375  0.000000  0.000593 -0.000000 -0.001125  0.000000
                                 0.004068 -0.000000  0.000200 -0.000253 -0.000000 -0.000291 -0.000000  0.003020  0.000000

  12.1  0.01152     1.039456     0.468892  0.032907  0.088375 -0.006113  0.242576  0.000072 -0.000434 -0.000221  0.011108  0.013062
                                 0.008365  0.043043  0.064138  0.010647  0.044291  0.096425 -0.018782 -0.002366  0.004676  0.002024
                                -0.001086  0.002878 -0.011885  0.022542 -0.003103 -0.013007 -0.009217 -0.000821 -0.001436  0.001586
                                -0.003483 -0.001214  0.000315  0.001774  0.468892  0.032907  0.088375 -0.006113  0.242576  0.000072
                                 0.000434 -0.000221  0.011108 -0.013062  0.008365  0.043043 -0.064138  0.010647  0.044291 -0.096425
                                -0.018782 -0.002366 -0.004676  0.002024 -0.001086 -0.002878 -0.011885 -0.022542 -0.003103 -0.013007
                                 0.009217 -0.000821  0.001436  0.001586 -0.003483  0.001214 -0.000315  0.001774  0.952896  0.131557
                                 0.353887  0.133797  0.542228  0.008927  0.000000 -0.004564 -0.035384 -0.000000  0.017588 -0.139727
                                 0.000000  0.041289 -0.198802  0.000000  0.013997 -0.001260 -0.000000 -0.002501  0.003050  0.000000
                                -0.010955 -0.000000 -0.002778  0.040460  0.000000  0.000195 -0.000000  0.003291 -0.002186 -0.000000
                                 0.000000 -0.003456 -0.084770 -1.429909 -0.030613 -0.571400  0.170452 -0.046978 -1.520988 -0.604292
                                -0.000000  0.527141  0.001014  0.000000  0.000977 -0.057621  0.000000  0.034937 -0.016273 -0.000000
                                 0.026750  0.245392  0.000000  0.016348  0.047593  0.000000  0.248100 -0.140343 -0.000000  0.179856
                                -0.000212  0.000000 -0.000874  0.000051  0.000000  0.010411  0.000000  0.007009 -0.015126 -0.000000
                                 0.026409 -0.000000  0.021991 -0.049747  0.000000 -0.064546 -0.000000 -0.021013 -0.014489 -0.000000
                                 0.000486 -0.000000 -0.005050 -0.009985  0.000000  0.000000  0.003959  0.000866  0.000000 -0.016846
                                -0.032173  0.000000  0.000000  0.013127  0.002143 -0.000000  0.009590 -0.004317 -0.000000  0.000000
                                 0.002446  0.000761 -0.000000 -0.003031 -0.003328 -0.000000 -0.000656 -0.000000  0.008936 -0.000000
                                -0.000492  0.000000  0.001498  0.001168  0.000000 -0.000967  0.000000  0.000337  0.000000

  13.1  0.00000     0.119848     0.027066 -0.009260 -0.336853  2.749612  0.466722  0.002562  0.004160  0.002999 -0.019464 -0.031848
                                -0.014908  0.074127  0.109391  0.111656  0.413323  0.733331  0.143536 -0.000408 -0.000191  0.002307
                                 0.001294  0.005256 -0.016779  0.107128  0.051873 -0.056546  0.068970  0.002533  0.007546 -0.010719
                                -0.015254  0.007071  0.000693  0.000218  0.027066 -0.009260 -0.336853  2.749612  0.466722  0.002562
                                -0.004160  0.002999 -0.019464  0.031848 -0.014908  0.074127 -0.109391  0.111656  0.413323 -0.733331
                                 0.143536 -0.000408  0.000191  0.002307  0.001294 -0.005256 -0.016779 -0.107128  0.051873 -0.056546
                                -0.068970  0.002533 -0.007546 -0.010719 -0.015254 -0.007071 -0.000693  0.000218  0.045744 -0.036241
                                -0.284240  3.411420  1.126387 -0.003183  0.000000  0.002210  0.033029  0.000000 -0.013023 -0.189607
                                 0.000000  0.171096 -0.896378  0.000000  0.121882 -0.000537 -0.000000 -0.006838  0.000834  0.000000
                                -0.001534 -0.000000 -0.036945  0.099554 -0.000000 -0.003248 -0.000000  0.006163 -0.006121  0.000000
                                -0.000000 -0.016966  0.001584 -0.024814  0.011037 -0.081086 -1.336184 -7.031157 -1.566578 -0.002533
                                -0.000000 -0.082106  0.000047  0.000000 -0.000200 -0.001525 -0.000000 -0.000615  0.022309  0.000000
                                 0.041221 -0.029567 -0.000000  0.223006  0.002882  0.000000  2.666884 -0.174772  0.000000 -1.547500
                                -0.000213  0.000000 -0.000048  0.000063  0.000000 -0.002243  0.000000 -0.000324 -0.000133  0.000000
                                -0.001071 -0.000000 -0.007605  0.009329 -0.000000 -0.085914  0.000000 -0.036408  0.026052  0.000000
                                 0.000109 -0.000000 -0.000711 -0.000460 -0.000000 -0.000000 -0.000035 -0.000052  0.000000  0.007287
                                 0.007881  0.000000  0.000000 -0.003291  0.021379  0.000000  0.123042  0.089052 -0.000000 -0.000000
                                -0.019652  0.000016  0.000000  0.000009  0.000079  0.000000  0.000123  0.000000 -0.002401  0.000000
                                -0.022889 -0.000000 -0.000240 -0.002100 -0.000000  0.006978 -0.000000 -0.048607  0.000000
 

 Natural orbital dump (state averaged) at molpro section  2140.2    (Orbital set 2)



 **********************************************************************************************************************************
 DATASETS  * FILE   NREC   LENGTH (MB)   RECORD NAMES
              1      20      819.21       500      700      610      900      950      970     1000      129      960     1100   
                                          VAR     GEOM    BASINP   SYMINP    ZMAT    AOBASIS   BASIS     P2S    ABASIS      S 
                                         1400     1410     1200     1210     1080     1600     1650     1300     1700     1380   
                                           T        V       H0       H01     AOSYM     SMH    MOLCAS    ERIS     OPER     JKOP   

              2       6        2.48       500      610      700     1000      520     2140   
                                          VAR    BASINP    GEOM     BASIS   MCVARS    MCSCF   

 PROGRAMS   *        TOTAL     MULTI       INT   RESTART
 CPU TIMES  *        26.87     18.77      8.00      0.01
 REAL TIME  *        29.72 SEC
 DISK USED  *         2.62 GB      
 **********************************************************************************************************************************
 SETTING W1             =       -56.29194401  HARTREE                         
 SETTING W2             =       -56.05967714  HARTREE                         
 SETTING W3             =       -56.01065095  HARTREE                         
 SETTING W4             =       -56.01051117  HARTREE                         

1PROGRAM * MRCI-F12     (Explicitly correlated MRCI)                      Authors: T. Shiozaki, H.-J. Werner,  2010
   using * CI           (Multireference internally contracted CI)         Authors: H.-J. Werner, P.J. Knowles, 1987

   Atom=H  basis=cc-pVQZ-JKFIT     lmin=0  lmax=4
   Atom=N  basis=cc-pVQZ-JKFIT     lmin=0  lmax=5

 Basis set CC-PVQZ/JKFIT generated.      Number of basis functions:   259 

   Atom=H  basis=cc-pVQZ-F12_OPT   lmin=0  lmax=4
   Atom=N  basis=cc-pVQZ-F12_OPT   lmin=0  lmax=5

 Basis set CC-PVQZ-F12/OPTRI generated.  Number of basis functions:   236 

   Atom=H  basis=aug-cc-pVQZ-MP2F  lmin=0  lmax=4 
   Atom=N  basis=aug-cc-pVQZ-MP2F  lmin=0  lmax=5

 Basis set AUG-CC-PVQZ/MP2FIT generated. Number of basis functions:   408 

 Convergence thresholds:  THRVAR = 1.00D-08  THRDEN = 1.00D-07

 Number of optimized states:  4  Roots:   1   2   3   4
 Number of reference states:  4  Roots:   1   2   3   4

 Reference symmetry:                   1   Singlet 
 Number of electrons:                 10
 Maximum number of shells:             5
 Maximum number of spin couplings:    14

 Reference space:    14355 conf    32670 CSFs
 N elec internal:    14355 conf    32670 CSFs
 N-1 el internal:     9042 conf    29040 CSFs
 N-2 el internal:     4917 conf    22143 CSFs

 Number of electrons in valence space:                      8
 Maximum number of open shell orbitals in reference space:  8
 Maximum number of open shell orbitals in internal spaces:  8


 Number of core orbitals:           1 (   1 )
 Number of active  orbitals:       11 (  11 )
 Number of external orbitals:     177 ( 177 )

 Molecular orbitals read from record     2140.2  Type=MCSCF/NATURAL (state averaged)
 Geminal basis:    OPTFULL  GEM_TYPE=SLATER  BETA=1.0  NGEM=6

 Optimizing Gaussian exponents for each gem_beta

 Geminal optimization for beta= 1.0000
 Weight function:   m=0, omega= 1.4646

 Augmented Hessian optimization of geminal fit. Trust ratio= 0.40000
 Convergence reached after   2 iterations. Final gradient= 8.41D-16, Step= 4.29D-06, Delta= 1.28D-09
 
 Alpha:                 0.19532     0.81920     2.85917     9.50073    35.69989   197.79328
 Coeff:                 0.27070     0.30552     0.18297     0.10986     0.06810     0.04224
 
 Basis F12-ABS           EwMin=  2.35E-04  EwMax=  6.16E+00  EwRatio=  3.81E-05
 Basis F12-CABS          EwMin=  1.97E-07  EwMax=  1.00E+00  EwRatio=  2.35E-04

 Symmetry-adapted CABS vectors are used:236

 Coulomb and exchange operators available. No transformation done.

 Number of p-space configurations:   7

 Reference wavefunction optimized for reference space (refopt=1)

 State     Reference Energy 
   1         -56.29194401
   2         -56.05967714
   3         -56.01065095
   4         -56.01051117

 Weight factors for SA-density in H0:    0.250000  0.250000  0.250000  0.250000

 FIMAX=  0.14D+00  FXMAX=  0.84D-07  DIAG=  F  F  NOREF=1  NOINT=0  IHPPD=0

 Nuclear energy:                      12.77509689
 Core energy:                        -48.08854667
 Zeroth-order valence energy:         -6.60990244     -6.19261391     -6.15603738     -6.15563077
 Zeroth-order total energy:          -41.92335222    -41.50606369    -41.46948716    -41.46908055
 First-order energy:                 -14.36859179    -14.55361345    -14.54116378    -14.54143062

 Performing an extended multi-state calculation

  E0( 1):    -6.60990982      Eigenvector:   1.0000 -0.0027  0.0031 -0.0000
  E0( 2):    -6.19261728      Eigenvector:  -0.0027 -0.9999 -0.0133  0.0000
  E0( 3):    -6.15602662      Eigenvector:   0.0031  0.0133 -0.9999  0.0000
  E0( 4):    -6.15563077      Eigenvector:   0.0000  0.0000  0.0000  1.0000
 CPU time for CABS construction                             0.00 seconds
 
 AO(A)-basis ORBITAL           loaded. Number of functions:     189
 RI(R)-basis CC-PVQZ-F12/OPTRI loaded. Number of functions:     236
 Basis set CC-PVQZ-JKFIT loaded. Number of basis functions: 259 
 DF-basis CC-PVQZ/JKFIT        loaded. Number of functions:     259

 Screening thresholds:   THRAO=  1.00D-10  THRMO=  1.00D-09  THRPROD=  1.00D-09
                         THRSW=  1.00D-05  THROV=  1.00D-12  THRAOF12=   1.00D-08

 CPU time for Fock matrix formation                         0.88 seconds
 CPU time for orbital space definition                      0.03 seconds
 
 AO(A)-basis ORBITAL           loaded. Number of functions:     189
 RI(R)-basis CC-PVQZ-F12/OPTRI loaded. Number of functions:     236
 Basis set AUG-CC-PVQZ-MP2F loaded. Number of basis functions: 408 
 DF-basis AUG-CC-PVQZ/MP2FIT   loaded. Number of functions:     408

 Screening thresholds:   THRAO=  1.00D-10  THRMO=  1.00D-09  THRPROD=  1.00D-09
                         THRSW=  1.00D-05  THROV=  1.00D-12  THRAOF12=   1.00D-08

 CPU time for F12 integral evaluation                       4.53 seconds
 
 CPU time for 2-ext Coulomb integrals J_XX        0.38 sec, Elapsed time=      0.40 sec
 CPU time for 2-ext Coulomb integrals J_XX(AO)    0.38 sec, Elapsed time=      0.39 sec
 CPU time for 2-ext Coulomb integrals J_XX(AO)    0.25 sec, Elapsed time=      0.27 sec
 CPU time for 2-ext Coulomb integrals J_XX(AO)    0.37 sec, Elapsed time=      0.38 sec
 
 CPU time for 2-ext Coulomb integrals J_Xo        0.34 sec, Elapsed time=      0.35 sec
 CPU time for 2-ext Coulomb integrals J_Xo(AO)    0.23 sec, Elapsed time=      0.24 sec
 
 CPU time for F12 integral evaluation (CABS singles)        2.22 seconds
 CPU time for F12 integral contraction                      0.27 seconds
   1 1        0.0085566439
   1 2       -0.0000840523
   1 3        0.0000038227
   1 4       -0.0000000000
   2 1       -0.0000840523
   2 2        0.0075295932
   2 3       -0.0000323715
   2 4       -0.0000000000
   3 1        0.0000038227
   3 2       -0.0000323715
   3 3        0.0074212811
   3 4       -0.0000000000
   4 1       -0.0000000000
   4 2       -0.0000000000
   4 3       -0.0000000000
   4 4        0.0074636749
 CPU time for K(F) computation                             35.29 seconds

  Semi-internal contributions
  ================================
 
 CPU time for F12 semi-internal treatment                  44.21 seconds
 CPU time for C matrix preparation                          0.00 seconds
 Number of N-2 electron functions:     484
 Number of N-1 electron functions:   29040

 Number of internal configurations:                32670
 Number of singly external configurations:       5140080
 Number of doubly external configurations:       7585512
 Total number of contracted configurations:     12758262
 Total number of uncontracted configurations:  351678393

 Diagonal Coupling coefficients finished.               Storage:30483957 words, CPU-Time:    436.45 seconds.
 Energy denominators for pairs finished in 1 passes.    Storage: 2421104 words, CPU-time:      0.32 seconds.

  ITER. STATE  ROOT     SQ.NORM     CORR.ENERGY   TOTAL ENERGY   ENERGY CHANGE       DEN1      VAR(S)    VAR(P)      TIME
    1     1     1     1.00000000     0.00000000   -56.29193964     0.00000000    -0.13241957  0.13D-01  0.12D-01   609.74
    1     2     2     1.00000000     0.00000000   -56.05967012     0.00000000    -0.11640666  0.13D-01  0.94D-02   609.74
    1     3     3     1.00000000     0.00000000   -56.01066234     0.00000000    -0.11064685  0.12D-01  0.91D-02   609.74
    1     4     4     1.00000000     0.00000000   -56.01051117     0.00000000    -0.11155611  0.12D-01  0.92D-02   609.74
    2     1     1     1.03216427    -0.16197792   -56.45391755    -0.16197792    -0.00678987  0.63D-03  0.70D-03  2504.05
    2     2     2     1.02869630    -0.14178968   -56.20145980    -0.14178968    -0.00564603  0.71D-03  0.53D-03  2504.05
    2     3     3     1.02674236    -0.13642200   -56.14708434    -0.13642200    -0.00522000  0.68D-03  0.48D-03  2504.05
    2     4     4     1.02648004    -0.13565804   -56.14616921    -0.13565804    -0.00524710  0.69D-03  0.48D-03  2504.05
