
 Primary working directories    : /tmp/cjr
 Secondary working directories  : /tmp/cjr
 Wavefunction directory         : /home/cjr/wfu/
 Main file repository           : /tmp/cjr/

 SHA1      : 41aa48e1468dac041f2eaabdf410f3ce2ee7f8bf
 NAME      : 2015.1.0
 ARCHNAME  : linux/x86_64
 FC        : /opt/intel/composer_xe_2015.1.133/bin/intel64/ifort
 BLASLIB   : -Wl,-_start-group /opt/intel/mkl/lib/intel64/libmkl_intel_ilp64.a /opt/intel/mkl/lib/intel64/libmkl_intel_thread.a /opt/intel/mkl/lib/intel64/libmkl_core.a -Wl,-_end-group
 id        : xdqnju

 Nodes     nprocs
 cu35         1

 Using customized tuning parameters: mindgm=1; mindgv=20; mindgc=4; mindgr=1; noblas=0; minvec=7
 default implementation of scratch files=df  

 memory,800,m
 file,2,ch3-out.wfu
 GTHRESH,energy=1d-7
 thresh,pspace=1.0d2
                                                                                 ! gprint,pspace
                                                                                 ! gprint,ref
 gprint,orbitals,basis
 r3= 0.850
 xh1= 0.00000000
 yh1= 1.08239000
 zh1= 0.00000000
 xh2= 0.93737700
 yh2= -0.54119500
 zh2= 0.00000000
 xh3= -0.93737700
 yh3= -0.54119500
 zh3= 0.00000000
 xc= 0.00000000
 yc= 0.00000000
 zc= 0.00000000
 geomtyp=XYZ
                                                                                 !orient,noorient
 symmetry,nosym
 geometry={4
 cartesian coordinate
 H  xh1  yh1  zh1
 H  xh2  yh2  zh2
 H  xh3  yh3  zh3
 N  xc  yc  zc
 }
 
 
 basis=vqz-f12
 savci=4123.1
 savcj=4223.1
 
 
 
 {multi;occ,12;closed,1;
 wf,9,1,1;state,2;
 maxiter,40,1200;orbprint,1;
 natorb,2140.2;}
 W1=energy(1)
 W2=energy(2)
 W3=energy(3)
 W4=energy(4)
 
 
 {mrci-f12;occ,12;closed,1;
 wf,9,1,1;state;maxiter,60,800;
 save,savci;}
 e1a1=energy(1)
 e2a1=energy(2)
 e3a1=energy(3)
 e4a1=energy(4)
 ed1a1=energd0(1)
 ed2a1=energd0(2)
 ed3a1=energd0(3)
 ed4a1=energd0(4)
 ed1a1_r=energd2(1)
 ed2a1_r=energd2(2)
 ed3a1_r=energd2(3)
 ed4a1_r=energd2(4)
 1A1=ed1a1
 2A1=ed2a1
 3A1=ed3a1
 4A1=ed4a1
 1A1_r=ed1a1_r
 2A1_r=ed2a1_r
 3A1_r=ed3a1_r
 4A1_r=ed4a1_r
 R=r3
 
                                                                                 !{ci;trans,savci,savcj,dmx;noexc}
                                                                                 !{ci;trans,savci,savcj,dmy;noexc}
                                                                                 !{ci;trans,savci,savcj,dmz;noexc}
 
 
 
 
 
 
 
 
 
 
 
 
 
 
 
 
 
 
 
 
 
 
 
 
 
 
 
 
 
 
 
 
 
 
 
 
 
 
 
 
 
 
 
 
 
 
 
 
 
 
 
 
 
 
 
 
 
 
 
 
 
 
 
 
 
 
 
 
 
 
 
 
 
 
 
 
 
 
 
 
 
 
 
 
 
 
 
 
 
 
 
 
 
 
 
 
 
 
 
 
 
 
 
 
 
 
 
 
 
 
 
 
 
 
 
 
 
 
 
 
 
 
 
 
 
 
 
 
 
 
 
 
 
 
 
 
 
 
 
 
 

 Variables initialized (889), CPU time= 0.01 sec
 Commands  initialized (702), CPU time= 0.00 sec, 572 directives.
 Default parameters read. Elapsed time= 0.04 sec

 Checking input...
 Passed
1


                                         ***  PROGRAM SYSTEM MOLPRO  ***
                                       Copyright, TTI GmbH Stuttgart, 2015
                                    Version 2015.1 linked Nov 26 2015 20:23:21


 **********************************************************************************************************************************
 LABEL *                                                                                 
  64 bit serial version                                                                  DATE: 13-Jun-25          TIME: 22:53:28  
 **********************************************************************************************************************************

 SHA1:             41aa48e1468dac041f2eaabdf410f3ce2ee7f8bf
 **********************************************************************************************************************************

 Variable memory set to  800000000 words,  buffer space   230000 words



 Permanent file  2  ch3-out.wfu      assigned.  Implementation=df    Size=  2.36 MB
 

 PROGRAM * RESTART 


 Reading variables from file 2

 _NUMVAR         =    940.00000000
 _DKROLL_DONE    =      0.00000000
 _FOCKDONE       =      0.00000000
 _INTDONE        =      1.00000000
 _DIRECT         =      0.00000000
 _DKHO           =     -1.00000000
 _BASIS          =    VQZ-F12
 _NELEC          =      9.00000000
 _PROGRAM        =    MRCI-F12
 _CPUSTEP        =    110.44000000
 _SYSSTEP        =      4.50000000
 _WALLSTEP       =    117.51000000
 _BASINP         =    610.00000000
 _CPUTOT         =    129.57000000
 _DMX(1:3)       =      0.00000000     0.00002627    -0.00002627
 _DMY(1:3)       =      0.00000129     0.24039839    -0.24039110
 _DMZ(1:3)       =     -0.00000000    -0.00000000    -0.00000000
 _ENERGD(1:3)    =    -56.11952467   -55.87805095   -55.87804989
 _ENERGD0(1:3)   =    -56.11952467   -55.87805095   -55.87804989
 _ENERGD1(1:3)   =    -56.11952467   -55.87805095   -55.87804989
 _ENERGD2(1:3)   =    -56.11952467   -55.87805095   -55.87804989
 _ENERGD3(1:3)   =    -56.11952467   -55.87805095   -55.87804989
 _ENERGD4(1:3)   =    -56.11952467   -55.87805095   -55.87804989
 _ENERGP(1:3)    =    -56.11508866   -55.87319896   -55.87319822
 _ENERGP0(1:3)   =    -56.11508866   -55.87319896   -55.87319822
 _ENERGP1(1:3)   =    -56.11508866   -55.87319896   -55.87319822
 _ENERGP2(1:3)   =    -56.11508866   -55.87319896   -55.87319822
 _ENERGP3(1:3)   =    -56.11508866   -55.87319896   -55.87319822
 _ENERGP4(1:3)   =    -56.11508866   -55.87319896   -55.87319822
 _ENERGR(1:3)    =    -55.88689537   -55.63750226   -55.63750226
 _ENERGRR(1:3)   =    -55.88689537   -55.63750226   -55.63750226
 _ENERGY(1:3)    =    -56.10595895   -55.86316833   -55.86316832
 _ENERGY_METHOD  =    MRCI-F12
 _ENERGY_BASIS   =    cc-pVQZ-F12
 _GEOMETRY_METHOD=     
 _GEOMETRY_BASIS =     
 _ENUC           =     11.11363258
 _EPS1(1:6)      =    -15.96297672    -1.47033030    -0.70406521    -0.92954005    -0.92954003    -0.14796916
 _LASTNELEC      =      5.00000000
 _LASTSPIN       =      1.00000000
 _LASTSYM        =      1.00000000
 _MSENERGY0(1:3) =     -7.36288597    -7.13741114    -7.13741113
 _MSCOEFF0(1:9)  =      1.00000000     0.00000000     0.00000000     0.00000000     1.00000000     0.00000000
                        0.00000000     0.00000000     1.00000000
 _ORBITAL        =   2140.20000000
 _ROOT(1:3)      =      1.00000000     2.00000000     3.00000000
 _SEIG_MIN       =      0.00005252
 _SEWPROP        =      1.00000000
 _STATUS         =      1.00000000
 _SYSTOT         =      6.60000000
 _TROV           =      0.00000000
 _WALLTOT        =    140.07000000
 !DFBASIS_MP2    =    AUG-CC-PVQZ-MP2F
 !DFBASIS_F12K   =    CC-PVQZ-JKFIT
 !RIBASIS_MP2    =    CC-PVQZ-F12_OPT
 !RIBASIS_EXCH   =     
 _LASTORB        =    MCSCF
 _PGROUP         =    C1  
 _TIME           =    04:55:56
 _ANSATZ         =    F12/3C(FIX)
 _C0(1:3)        =      0.94166104     0.93810376     0.93810787
 _C0R(1:3)       =      0.94166104     0.93810376     0.93810787
 _DMX_CC(1:3)    =      0.00000000     0.00000000     0.00000000
 _DMY_CC(1:3)    =      0.00000042     0.00000042     0.00000042
 _DMZ_CC(1:3)    =     -0.00000000    -0.00000000    -0.00000000
 _DMX_NUC(1:3)   =      0.00000000     0.00000000     0.00000000
 _DMY_NUC(1:3)   =      0.00000000     0.00000000     0.00000000
 _DMZ_NUC(1:3)   =      0.00000000     0.00000000     0.00000000
 R3              =      0.85000000
 XH1             =      0.00000000
 YH1             =      1.08239000
 ZH1             =      0.00000000
 XH2             =      0.93737700
 YH2             =     -0.54119500
 ZH2             =      0.00000000
 XH3             =     -0.93737700
 YH3             =     -0.54119500
 ZH3             =      0.00000000
 XC              =      0.00000000
 YC              =      0.00000000
 ZC              =      0.00000000
 SAVCI           =   4123.10000000
 SAVCJ           =   4223.10000000
 _TRDMX(1:3)     =      0.00000000    -0.00000000    -0.24039487
 _TRDMY(1:3)     =      0.00000000     0.00000000     0.00002626
 _TRDMZ(1:3)     =      0.00000009     0.00000000     0.00000000
 W1              =    -55.88689537
 W2              =    -55.63750226
 W3              =    -55.63750226
 W4              =    ENERGY(4)
 E1A1            =    -56.10595895
 E2A1            =    -55.86316833
 E3A1            =    -55.86316832
 E4A1            =    ENERGY(4)
 ED1A1           =    -56.11952467
 ED2A1           =    -55.87805095
 ED3A1           =    -55.87804989
 ED4A1           =    ENERGD0(4)
 ED1A1_R         =    -56.11952467
 ED2A1_R         =    -55.87805095
 ED3A1_R         =    -55.87804989
 ED4A1_R         =    ENERGD2(4)
 1A1             =    -56.11952467
 2A1             =    -55.87805095
 3A1             =    -55.87804989
 4A1             =    ENERGD0(4)
 1A1_R           =    -56.11952467
 2A1_R           =    -55.87805095
 3A1_R           =    -55.87804989
 4A1_R           =    ENERGD2(4)
 R               =      0.85000000

 Geometry written to block  1 of record 700


 **********************************************************************************************************************************
 DATASETS  * FILE   NREC   LENGTH (MB)   RECORD NAMES
              2       6        2.48       500      610      700     1000      520     2140   
                                          VAR    BASINP    GEOM     BASIS   MCVARS    MCSCF   

 PROGRAMS   *        TOTAL   RESTART
 CPU TIMES  *         0.11      0.01
 REAL TIME  *         0.12 SEC
 DISK USED  *         0.03 MB      
 **********************************************************************************************************************************

 THRESHOLDS:

 ZERO    =  1.00D-12  ONEINT  =  1.00D-12  TWOINT  =  1.00D-11  PREFAC  =  1.00D-14  LOCALI  =  1.00D-09  EORDER  =  1.00D-04
 ENERGY  =  1.00D-07  ETEST   =  0.00D+00  EDENS   =  0.00D+00  THRDEDEF=  1.00D-06  GRADIENT=  1.00D-02  STEP    =  1.00D-03
 ORBITAL =  1.00D-05  CIVEC   =  1.00D-05  COEFF   =  1.00D-04  PRINTCI =  5.00D-02  PUNCHCI =  9.90D+01  OPTGRAD =  3.00D-04
 OPTENERG=  1.00D-06  OPTSTEP =  3.00D-04  THRGRAD =  1.00D-10  COMPRESS=  1.00D-11  VARMIN  =  1.00D-07  VARMAX  =  1.00D-03
 THRDOUB =  0.00D+00  THRDIV  =  1.00D-05  THRRED  =  1.00D-07  THRPSP  =  1.00D+00  THRDC   =  1.00D-10  THRCS   =  1.00D-10
 THRNRM  =  1.00D-08  THREQ   =  0.00D+00  THRDE   =  1.00D+00  THRREF  =  1.00D-05  SPARFAC =  1.00D+00  THRDLP  =  1.00D-07
 THRDIA  =  1.00D-10  THRDLS  =  1.00D-07  THRGPS  =  0.00D+00  THRKEX  =  0.00D+00  THRDIS  =  2.00D-01  THRVAR  =  1.00D-10
 THRLOC  =  1.00D-06  THRGAP  =  1.00D-06  THRLOCT = -1.00D+00  THRGAPT = -1.00D+00  THRORB  =  1.00D-06  THRMLTP =  0.00D+00
 THRCPQCI=  1.00D-10  KEXTA   =  0.00D+00  THRCOARS=  0.00D+00  SYMTOL  =  1.00D-06  GRADTOL =  1.00D-06  THROVL  =  1.00D-08
 THRORTH =  1.00D-08  GRID    =  1.00D-06  GRIDMAX =  1.00D-03  DTMAX   =  0.00D+00  THROCCDE=  1.00D-01  THROCCDE=  1.00D-01



 THRESHOLDS:

 ZERO    =  1.00D-12  ONEINT  =  1.00D-12  TWOINT  =  1.00D-11  PREFAC  =  1.00D-14  LOCALI  =  1.00D-09  EORDER  =  1.00D-04
 ENERGY  =  1.00D-07  ETEST   =  0.00D+00  EDENS   =  0.00D+00  THRDEDEF=  1.00D-06  GRADIENT=  1.00D-02  STEP    =  1.00D-03
 ORBITAL =  1.00D-05  CIVEC   =  1.00D-05  COEFF   =  1.00D-04  PRINTCI =  5.00D-02  PUNCHCI =  9.90D+01  OPTGRAD =  3.00D-04
 OPTENERG=  1.00D-06  OPTSTEP =  3.00D-04  THRGRAD =  1.00D-10  COMPRESS=  1.00D-11  VARMIN  =  1.00D-07  VARMAX  =  1.00D-03
 THRDOUB =  0.00D+00  THRDIV  =  1.00D-05  THRRED  =  1.00D-07  THRPSP  =  1.00D+02  THRDC   =  1.00D-10  THRCS   =  1.00D-10
 THRNRM  =  1.00D-08  THREQ   =  0.00D+00  THRDE   =  1.00D+00  THRREF  =  1.00D-05  SPARFAC =  1.00D+00  THRDLP  =  1.00D-07
 THRDIA  =  1.00D-10  THRDLS  =  1.00D-07  THRGPS  =  0.00D+00  THRKEX  =  0.00D+00  THRDIS  =  2.00D-01  THRVAR  =  1.00D-10
 THRLOC  =  1.00D-06  THRGAP  =  1.00D-06  THRLOCT = -1.00D+00  THRGAPT = -1.00D+00  THRORB  =  1.00D-06  THRMLTP =  0.00D+00
 THRCPQCI=  1.00D-10  KEXTA   =  0.00D+00  THRCOARS=  0.00D+00  SYMTOL  =  1.00D-06  GRADTOL =  1.00D-06  THROVL  =  1.00D-08
 THRORTH =  1.00D-08  GRID    =  1.00D-06  GRIDMAX =  1.00D-03  DTMAX   =  0.00D+00  THROCCDE=  1.00D-01  THROCCDE=  1.00D-01



 SETTING R3             =         0.85000000                                  
 SETTING XH1            =     0.00000000D+00                                  
 SETTING YH1            =         1.08239000                                  
 SETTING ZH1            =     0.00000000D+00                                  
 SETTING XH2            =         0.93737700                                  
 SETTING YH2            =        -0.54119500                                  
 SETTING ZH2            =     0.00000000D+00                                  
 SETTING XH3            =        -0.93737700                                  
 SETTING YH3            =        -0.54119500                                  
 SETTING ZH3            =     0.00000000D+00                                  
 SETTING XC             =     0.00000000D+00                                  
 SETTING YC             =     0.00000000D+00                                  
 SETTING ZC             =     0.00000000D+00                                  
 SETTING GEOMTYP        =    XYZ
 ZSYMEL=NOSYM
 
 SETTING BASIS          =    VQZ-F12
 SETTING SAVCI          =      4123.10000000                                  
 SETTING SAVCJ          =      4223.10000000                                  


 Recomputing integrals since basis changed


 Using spherical harmonics

 Library entry H      S cc-pVQZ-F12          selected for orbital group  1
 Library entry H      P cc-pVQZ-F12          selected for orbital group  1
 Library entry H      D cc-pVQZ-F12          selected for orbital group  1
 Library entry H      F cc-pVQZ-F12          selected for orbital group  1
 Library entry N      S cc-pVQZ-F12          selected for orbital group  2
 Library entry N      P cc-pVQZ-F12          selected for orbital group  2
 Library entry N      D cc-pVQZ-F12          selected for orbital group  2
 Library entry N      F cc-pVQZ-F12          selected for orbital group  2
 Library entry N      G cc-pVQZ-F12          selected for orbital group  2

1PROGRAM * SEWARD (Integral evaluation for generally contracted gaussian basis sets)     Author: Roland Lindh, 1990

 Geometry written to block  1 of record 700


 Point group  C1  



 ATOMIC COORDINATES

 NR  ATOM    CHARGE       X              Y              Z

   1  H       1.00    0.000000000    2.045420660    0.000000000
   2  H       1.00    1.771385805   -1.022710330    0.000000000
   3  H       1.00   -1.771385805   -1.022710330    0.000000000
   4  N       7.00    0.000000000    0.000000000    0.000000000

 Bond lengths in Bohr (Angstrom)

 1-4  2.045420660  2-4  2.045420272  3-4  2.045420272
     ( 1.082390000)     ( 1.082389795)     ( 1.082389795)

 Bond angles

  1-4-2  120.00000627   1-4-3  120.00000627   2-4-3  119.99998746


 BASIS DATA

   Nr Sym  Nuc  Type         Exponents   Contraction coefficients

    1.1 A     1  1s         402.000000     0.000279    0.000000    0.000000    0.000000    0.000000
    2.1 A                    60.240000     0.002165    0.000000    0.000000    0.000000    0.000000
    3.1 A                    13.730000     0.011201    0.000000    0.000000    0.000000    0.000000
    4.1 A                     3.905000     0.044878    0.000000    0.000000    0.000000    0.000000
    5.1 A                     1.283000     0.142299    1.000000    0.000000    0.000000    0.000000
                              0.465500     0.330979    0.000000    1.000000    0.000000    0.000000
                              0.181100     0.436269    0.000000    0.000000    1.000000    0.000000
                              0.072790     0.176440    0.000000    0.000000    0.000000    1.000000
    6.1 A     1  2px          3.259900     1.000000
    7.1 A     1  2py          3.259900     1.000000
    8.1 A     1  2pz          3.259900     1.000000
    9.1 A     1  2px          1.238900     1.000000
   10.1 A     1  2py          1.238900     1.000000
   11.1 A     1  2pz          1.238900     1.000000
   12.1 A     1  2px          0.470800     1.000000
   13.1 A     1  2py          0.470800     1.000000
   14.1 A     1  2pz          0.470800     1.000000
   15.1 A     1  2px          0.178900     1.000000
   16.1 A     1  2py          0.178900     1.000000
   17.1 A     1  2pz          0.178900     1.000000
   18.1 A     1  3d0          1.111100     1.000000
   19.1 A     1  3d2-         1.111100     1.000000
   20.1 A     1  3d1+         1.111100     1.000000
   21.1 A     1  3d2+         1.111100     1.000000
   22.1 A     1  3d1-         1.111100     1.000000
   23.1 A     1  3d0          0.350100     1.000000
   24.1 A     1  3d2-         0.350100     1.000000
   25.1 A     1  3d1+         0.350100     1.000000
   26.1 A     1  3d2+         0.350100     1.000000
   27.1 A     1  3d1-         0.350100     1.000000
   28.1 A     1  4f1+         0.479600     1.000000
   29.1 A     1  4f1-         0.479600     1.000000
   30.1 A     1  4f0          0.479600     1.000000
   31.1 A     1  4f3+         0.479600     1.000000
   32.1 A     1  4f2-         0.479600     1.000000
   33.1 A     1  4f3-         0.479600     1.000000
   34.1 A     1  4f2+         0.479600     1.000000
   35.1 A     2  1s         402.000000     0.000279    0.000000    0.000000    0.000000    0.000000
   36.1 A                    60.240000     0.002165    0.000000    0.000000    0.000000    0.000000
   37.1 A                    13.730000     0.011201    0.000000    0.000000    0.000000    0.000000
   38.1 A                     3.905000     0.044878    0.000000    0.000000    0.000000    0.000000
   39.1 A                     1.283000     0.142299    1.000000    0.000000    0.000000    0.000000
                              0.465500     0.330979    0.000000    1.000000    0.000000    0.000000
                              0.181100     0.436269    0.000000    0.000000    1.000000    0.000000
                              0.072790     0.176440    0.000000    0.000000    0.000000    1.000000
   40.1 A     2  2px          3.259900     1.000000
   41.1 A     2  2py          3.259900     1.000000
   42.1 A     2  2pz          3.259900     1.000000
   43.1 A     2  2px          1.238900     1.000000
   44.1 A     2  2py          1.238900     1.000000
   45.1 A     2  2pz          1.238900     1.000000
   46.1 A     2  2px          0.470800     1.000000
   47.1 A     2  2py          0.470800     1.000000
   48.1 A     2  2pz          0.470800     1.000000
   49.1 A     2  2px          0.178900     1.000000
   50.1 A     2  2py          0.178900     1.000000
   51.1 A     2  2pz          0.178900     1.000000
   52.1 A     2  3d0          1.111100     1.000000
   53.1 A     2  3d2-         1.111100     1.000000
   54.1 A     2  3d1+         1.111100     1.000000
   55.1 A     2  3d2+         1.111100     1.000000
   56.1 A     2  3d1-         1.111100     1.000000
   57.1 A     2  3d0          0.350100     1.000000
   58.1 A     2  3d2-         0.350100     1.000000
   59.1 A     2  3d1+         0.350100     1.000000
   60.1 A     2  3d2+         0.350100     1.000000
   61.1 A     2  3d1-         0.350100     1.000000
   62.1 A     2  4f1+         0.479600     1.000000
   63.1 A     2  4f1-         0.479600     1.000000
   64.1 A     2  4f0          0.479600     1.000000
   65.1 A     2  4f3+         0.479600     1.000000
   66.1 A     2  4f2-         0.479600     1.000000
   67.1 A     2  4f3-         0.479600     1.000000
   68.1 A     2  4f2+         0.479600     1.000000
   69.1 A     3  1s         402.000000     0.000279    0.000000    0.000000    0.000000    0.000000
   70.1 A                    60.240000     0.002165    0.000000    0.000000    0.000000    0.000000
   71.1 A                    13.730000     0.011201    0.000000    0.000000    0.000000    0.000000
   72.1 A                     3.905000     0.044878    0.000000    0.000000    0.000000    0.000000
   73.1 A                     1.283000     0.142299    1.000000    0.000000    0.000000    0.000000
                              0.465500     0.330979    0.000000    1.000000    0.000000    0.000000
                              0.181100     0.436269    0.000000    0.000000    1.000000    0.000000
                              0.072790     0.176440    0.000000    0.000000    0.000000    1.000000
   74.1 A     3  2px          3.259900     1.000000
   75.1 A     3  2py          3.259900     1.000000
   76.1 A     3  2pz          3.259900     1.000000
   77.1 A     3  2px          1.238900     1.000000
   78.1 A     3  2py          1.238900     1.000000
   79.1 A     3  2pz          1.238900     1.000000
   80.1 A     3  2px          0.470800     1.000000
   81.1 A     3  2py          0.470800     1.000000
   82.1 A     3  2pz          0.470800     1.000000
   83.1 A     3  2px          0.178900     1.000000
   84.1 A     3  2py          0.178900     1.000000
   85.1 A     3  2pz          0.178900     1.000000
   86.1 A     3  3d0          1.111100     1.000000
   87.1 A     3  3d2-         1.111100     1.000000
   88.1 A     3  3d1+         1.111100     1.000000
   89.1 A     3  3d2+         1.111100     1.000000
   90.1 A     3  3d1-         1.111100     1.000000
   91.1 A     3  3d0          0.350100     1.000000
   92.1 A     3  3d2-         0.350100     1.000000
   93.1 A     3  3d1+         0.350100     1.000000
   94.1 A     3  3d2+         0.350100     1.000000
   95.1 A     3  3d1-         0.350100     1.000000
   96.1 A     3  4f1+         0.479600     1.000000
   97.1 A     3  4f1-         0.479600     1.000000
   98.1 A     3  4f0          0.479600     1.000000
   99.1 A     3  4f3+         0.479600     1.000000
  100.1 A     3  4f2-         0.479600     1.000000
  101.1 A     3  4f3-         0.479600     1.000000
  102.1 A     3  4f2+         0.479600     1.000000
  103.1 A     4  1s      129200.000000     0.000025   -0.000006    0.000000    0.000000    0.000000    0.000000
  104.1 A                 19350.000000     0.000197   -0.000043    0.000000    0.000000    0.000000    0.000000
  105.1 A                  4404.000000     0.001032   -0.000227    0.000000    0.000000    0.000000    0.000000
  106.1 A                  1248.000000     0.004325   -0.000958    0.000000    0.000000    0.000000    0.000000
  107.1 A                   408.000000     0.015380   -0.003416    0.000000    0.000000    0.000000    0.000000
  108.1 A                   148.200000     0.046867   -0.010667    0.000000    0.000000    0.000000    0.000000
                             58.500000     0.120116   -0.028279    0.000000    0.000000    0.000000    0.000000
                             24.590000     0.245695   -0.064020    0.000000    0.000000    0.000000    0.000000
                             10.810000     0.361379   -0.113932    0.000000    0.000000    0.000000    0.000000
                              4.882000     0.287283   -0.146995    0.000000    0.000000    0.000000    0.000000
                              2.195000     0.070171   -0.007251    1.000000    0.000000    0.000000    0.000000
                              0.871500     0.001831    0.366183    0.000000    1.000000    0.000000    0.000000
                              0.350400     0.000835    0.547908    0.000000    0.000000    1.000000    0.000000
                              0.139700    -0.000006    0.216645    0.000000    0.000000    0.000000    1.000000
  109.1 A     4  1s           0.051800     1.000000
  110.1 A     4  2px        147.000000     0.000892
                             34.760000     0.007082
                             11.000000     0.032816
                              3.995000     0.108209
                              1.587000     0.248094
                              0.653300     0.374513
                              0.268600     0.348414
                              0.106700     0.128340
  111.1 A     4  2py        147.000000     0.000892
                             34.760000     0.007082
                             11.000000     0.032816
                              3.995000     0.108209
                              1.587000     0.248094
                              0.653300     0.374513
                              0.268600     0.348414
                              0.106700     0.128340
  112.1 A     4  2pz        147.000000     0.000892
                             34.760000     0.007082
                             11.000000     0.032816
                              3.995000     0.108209
                              1.587000     0.248094
                              0.653300     0.374513
                              0.268600     0.348414
                              0.106700     0.128340
  113.1 A     4  2px        147.000000     0.000000
                             34.760000     0.000000
                             11.000000     0.000000
                              3.995000     1.000000
                              1.587000     0.000000
                              0.653300     0.000000
                              0.268600     0.000000
                              0.106700     0.000000
  114.1 A     4  2py        147.000000     0.000000
                             34.760000     0.000000
                             11.000000     0.000000
                              3.995000     1.000000
                              1.587000     0.000000
                              0.653300     0.000000
                              0.268600     0.000000
                              0.106700     0.000000
  115.1 A     4  2pz        147.000000     0.000000
                             34.760000     0.000000
                             11.000000     0.000000
                              3.995000     1.000000
                              1.587000     0.000000
                              0.653300     0.000000
                              0.268600     0.000000
                              0.106700     0.000000
  116.1 A     4  2px        147.000000     0.000000
                             34.760000     0.000000
                             11.000000     0.000000
                              3.995000     0.000000
                              1.587000     1.000000
                              0.653300     0.000000
                              0.268600     0.000000
                              0.106700     0.000000
  117.1 A     4  2py        147.000000     0.000000
                             34.760000     0.000000
                             11.000000     0.000000
                              3.995000     0.000000
                              1.587000     1.000000
                              0.653300     0.000000
                              0.268600     0.000000
                              0.106700     0.000000
  118.1 A     4  2pz        147.000000     0.000000
                             34.760000     0.000000
                             11.000000     0.000000
                              3.995000     0.000000
                              1.587000     1.000000
                              0.653300     0.000000
                              0.268600     0.000000
                              0.106700     0.000000
  119.1 A     4  2px        147.000000     0.000000
                             34.760000     0.000000
                             11.000000     0.000000
                              3.995000     0.000000
                              1.587000     0.000000
                              0.653300     1.000000
                              0.268600     0.000000
                              0.106700     0.000000
  120.1 A     4  2py        147.000000     0.000000
                             34.760000     0.000000
                             11.000000     0.000000
                              3.995000     0.000000
                              1.587000     0.000000
                              0.653300     1.000000
                              0.268600     0.000000
                              0.106700     0.000000
  121.1 A     4  2pz        147.000000     0.000000
                             34.760000     0.000000
                             11.000000     0.000000
                              3.995000     0.000000
                              1.587000     0.000000
                              0.653300     1.000000
                              0.268600     0.000000
                              0.106700     0.000000
  122.1 A     4  2px        147.000000     0.000000
                             34.760000     0.000000
                             11.000000     0.000000
                              3.995000     0.000000
                              1.587000     0.000000
                              0.653300     0.000000
                              0.268600     1.000000
                              0.106700     0.000000
  123.1 A     4  2py        147.000000     0.000000
                             34.760000     0.000000
                             11.000000     0.000000
                              3.995000     0.000000
                              1.587000     0.000000
                              0.653300     0.000000
                              0.268600     1.000000
                              0.106700     0.000000
  124.1 A     4  2pz        147.000000     0.000000
                             34.760000     0.000000
                             11.000000     0.000000
                              3.995000     0.000000
                              1.587000     0.000000
                              0.653300     0.000000
                              0.268600     1.000000
                              0.106700     0.000000
  125.1 A     4  2px        147.000000     0.000000
                             34.760000     0.000000
                             11.000000     0.000000
                              3.995000     0.000000
                              1.587000     0.000000
                              0.653300     0.000000
                              0.268600     0.000000
                              0.106700     1.000000
  126.1 A     4  2py        147.000000     0.000000
                             34.760000     0.000000
                             11.000000     0.000000
                              3.995000     0.000000
                              1.587000     0.000000
                              0.653300     0.000000
                              0.268600     0.000000
                              0.106700     1.000000
  127.1 A     4  2pz        147.000000     0.000000
                             34.760000     0.000000
                             11.000000     0.000000
                              3.995000     0.000000
                              1.587000     0.000000
                              0.653300     0.000000
                              0.268600     0.000000
                              0.106700     1.000000
  128.1 A     4  2px          0.036900     1.000000
  129.1 A     4  2py          0.036900     1.000000
  130.1 A     4  2pz          0.036900     1.000000
  131.1 A     4  3d0          5.981700     1.000000
  132.1 A     4  3d2-         5.981700     1.000000
  133.1 A     4  3d1+         5.981700     1.000000
  134.1 A     4  3d2+         5.981700     1.000000
  135.1 A     4  3d1-         5.981700     1.000000
  136.1 A     4  3d0          2.205600     1.000000
  137.1 A     4  3d2-         2.205600     1.000000
  138.1 A     4  3d1+         2.205600     1.000000
  139.1 A     4  3d2+         2.205600     1.000000
  140.1 A     4  3d1-         2.205600     1.000000
  141.1 A     4  3d0          0.813300     1.000000
  142.1 A     4  3d2-         0.813300     1.000000
  143.1 A     4  3d1+         0.813300     1.000000
  144.1 A     4  3d2+         0.813300     1.000000
  145.1 A     4  3d1-         0.813300     1.000000
  146.1 A     4  3d0          0.299900     1.000000
  147.1 A     4  3d2-         0.299900     1.000000
  148.1 A     4  3d1+         0.299900     1.000000
  149.1 A     4  3d2+         0.299900     1.000000
  150.1 A     4  3d1-         0.299900     1.000000
  151.1 A     4  4f1+         2.472800     1.000000
  152.1 A     4  4f1-         2.472800     1.000000
  153.1 A     4  4f0          2.472800     1.000000
  154.1 A     4  4f3+         2.472800     1.000000
  155.1 A     4  4f2-         2.472800     1.000000
  156.1 A     4  4f3-         2.472800     1.000000
  157.1 A     4  4f2+         2.472800     1.000000
  158.1 A     4  4f1+         0.981900     1.000000
  159.1 A     4  4f1-         0.981900     1.000000
  160.1 A     4  4f0          0.981900     1.000000
  161.1 A     4  4f3+         0.981900     1.000000
  162.1 A     4  4f2-         0.981900     1.000000
  163.1 A     4  4f3-         0.981900     1.000000
  164.1 A     4  4f2+         0.981900     1.000000
  165.1 A     4  4f1+         0.389900     1.000000
  166.1 A     4  4f1-         0.389900     1.000000
  167.1 A     4  4f0          0.389900     1.000000
  168.1 A     4  4f3+         0.389900     1.000000
  169.1 A     4  4f2-         0.389900     1.000000
  170.1 A     4  4f3-         0.389900     1.000000
  171.1 A     4  4f2+         0.389900     1.000000
  172.1 A     4  5g0          1.397500     1.000000
  173.1 A     4  5g2-         1.397500     1.000000
  174.1 A     4  5g1+         1.397500     1.000000
  175.1 A     4  5g4+         1.397500     1.000000
  176.1 A     4  5g1-         1.397500     1.000000
  177.1 A     4  5g2+         1.397500     1.000000
  178.1 A     4  5g4-         1.397500     1.000000
  179.1 A     4  5g3+         1.397500     1.000000
  180.1 A     4  5g3-         1.397500     1.000000
  181.1 A     4  5g0          0.502700     1.000000
  182.1 A     4  5g2-         0.502700     1.000000
  183.1 A     4  5g1+         0.502700     1.000000
  184.1 A     4  5g4+         0.502700     1.000000
  185.1 A     4  5g1-         0.502700     1.000000
  186.1 A     4  5g2+         0.502700     1.000000
  187.1 A     4  5g4-         0.502700     1.000000
  188.1 A     4  5g3+         0.502700     1.000000
  189.1 A     4  5g3-         0.502700     1.000000

 NUCLEAR CHARGE:                   10
 NUMBER OF PRIMITIVE AOS:         252
 NUMBER OF SYMMETRY AOS:          212
 NUMBER OF CONTRACTIONS:          189   ( 189A   )
 NUMBER OF CORE ORBITALS:           1   (   1A   )
 NUMBER OF VALENCE ORBITALS:        7   (   7A   )


 NUCLEAR REPULSION ENERGY   11.11363258

 EXTRA SYMMETRY OF AOS IN SYMMETRY 1:   1 1 1 1 1 1 1 2 1 1   2 1 1 2 1 1 2 1 1 2   1 2 1 1 2 1 2 1 1 2   1 2 1 2 1 1 1 1 1 1
                                        1 2 1 1 2 1 1 2 1 1   2 1 1 2 1 2 1 1 2 1   2 1 1 2 1 2 1 2 1 1   1 1 1 1 1 2 1 1 2 1
                                        1 2 1 1 2 1 1 2 1 2   1 1 2 1 2 1 1 2 1 2   1 2 1 1 1 1 1 1 1 1   1 2 1 1 2 1 1 2 1 1
                                        2 1 1 2 1 1 2 1 1 2   1 1 2 1 2 1 1 2 1 2   1 1 2 1 2 1 1 2 1 2   1 1 2 1 2 1 2 1 1 2
                                        1 2 1 2 1 1 2 1 2 1   2 1 1 2 1 2 1 1 2 2   1 1 2 1 2 1 1 2 2

 Eigenvalues of metric

         1 0.525E-04 0.525E-04 0.538E-04 0.193E-03 0.249E-03 0.249E-03 0.355E-03 0.396E-03


 Contracted 2-electron integrals neglected if value below      1.0D-11
 AO integral compression algorithm  1   Integral accuracy      1.0D-11

     424.149 MB (compressed) written to integral file ( 26.7%)


 NUMBER OF SORTED TWO-ELECTRON INTEGRALS:  161199990.     BUFFER LENGTH:  32768
 NUMBER OF SEGMENTS:  11  SEGMENT LENGTH:   15999503      RECORD LENGTH: 524288

 Memory used in sort:      16.56 MW

 SORT1 READ   199009115. AND WROTE    72541253. INTEGRALS IN    213 RECORDS. CPU TIME:     1.58 SEC, REAL TIME:     2.04 SEC
 SORT2 READ    72541253. AND WROTE   161199990. INTEGRALS IN   1618 RECORDS. CPU TIME:     1.71 SEC, REAL TIME:     2.04 SEC

 FILE SIZES:   FILE 1:   441.9 MBYTE,  FILE 4:   893.4 MBYTE,   TOTAL:   1335.3 MBYTE

 OPERATOR DM      FOR CENTER  0  COORDINATES:    0.000000    0.000000    0.000000


 **********************************************************************************************************************************
 DATASETS  * FILE   NREC   LENGTH (MB)   RECORD NAMES
              1      19      355.48       500      700      610      900      950      970     1000      129      960     1100   
                                          VAR     GEOM    BASINP   SYMINP    ZMAT    AOBASIS   BASIS     P2S    ABASIS      S 
                                         1400     1410     1200     1210     1080     1600     1650     1300     1700   
                                           T        V       H0       H01     AOSYM     SMH    MOLCAS    ERIS     OPER   

              2       6        2.48       500      610      700     1000      520     2140   
                                          VAR    BASINP    GEOM     BASIS   MCVARS    MCSCF   

 PROGRAMS   *        TOTAL       INT   RESTART
 CPU TIMES  *         9.41      9.30      0.01
 REAL TIME  *        10.89 SEC
 DISK USED  *         1.34 GB      
 **********************************************************************************************************************************

1PROGRAM * MULTI (Direct Multiconfiguration SCF)       Authors: P.J. Knowles, H.-J. Werner (1984)     S.T. Elbert (1988)


 Number of closed-shell orbitals:   1 (   1 )
 Number of active  orbitals:       11 (  11 )
 Number of external orbitals:     177 ( 177 )

 State symmetry 1

 Number of electrons:     7    Spin symmetry=Doublet   Space symmetry=1
 Number of states:        2
 Number of CSFs:      29040   (54450 determinants, 54450 intermediate states)

 Iteration controls:
             1  2  3  4  5  6  7  8  9 10 11 12 13 14 15 16 17 18 19 20 21 22 23 24 25 26 27 28 29 30 31 32 33 34 35 36 37 38 39
 DIAGCI      T  T  T  T  T  T  T  T  T  T  T  T  T  T  T  T  T  T  T  T  T  T  T  T  T  T  T  T  T  T  T  T  T  T  T  T  T  T  T
 WERNER      T  T  T  T  T  T  T  T  T  T  T  T  T  T  T  T  T  T  T  T  T  T  T  T  T  T  T  T  T  T  T  T  T  T  T  T  T  T  T
 INTERNAL    F  T  T  T  T  T  T  T  T  T  T  T  T  T  T  T  T  T  T  T  T  T  T  T  T  T  T  T  T  T  T  T  T  T  T  T  T  T  T

 Molecular orbitals read from record     2140.2  Type=MCSCF/NATURAL (state averaged)

 EXTRA SYMMETRY OF MOS IN SYMMETRY 1:   1 1 2 1 1 1 1 1 2 1   1 1 1 1 2 2 1 1 1 2   1 1 2 1 1 1 1 1 1 1   2 2 1 2 2 1 2 1 1 1
                                        1 1 2 1 2 2 1 2 1 1   1 1 2 1 1 1 1 2 2 1   1 2 1 1 2 2 1 2 2 1   1 1 2 1 1 1 1 1 2 2
                                        1 1 2 2 1 1 2 2 1 1   1 2 1 2 2 1 1 1 1 1   2 2 1 2 1 1 2 1 1 1   2 2 2 1 1 1 2 2 1 1
                                        1 1 1 2 2 1 2 1 1 1   2 1 1 2 2 1 2 1 1 1   1 1 1 2 2 2 1 1 1 2   2 2 1 1 1 1 1 1 2 1
                                        1 1 1 1 2 2 2 2 2 2   1 1 1 1 1 1 1 1 1 1   2 2 1 1 1 2 1 1 1

 Wavefunction dump at record             2140.2

 Convergence thresholds  0.10E-01 (gradient)  0.10E-06 (energy)  0.10E-02 (step length)

 Weight factors for state symmetry  1:    0.50000   0.50000

 Number of orbital rotations:     2135   (    11 Core/Active    177 Core/Virtual   0 Active/Active   1947 Active/Virtual)
 Total number of variables:     111035


 ITER. MIC  NCI  NEG     ENERGY(VAR)     ENERGY(PROJ)   ENERGY CHANGE     GRAD(0)  GRAD(ORB)   GRAD(CI)     STEP       TIME

   1   40   23    0     -55.77060482     -55.89541888   -0.12481406    0.06112031 0.00055836 0.00075525  0.23D+01     16.37
   2   30   26    0     -55.89202552     -55.89286258   -0.00083705    0.02124876 0.00000009 0.00000228  0.17D+00     36.20
   3   36   11    0     -55.89286278     -55.89286278   -0.00000000    0.00001014 0.00000020 0.00000252  0.12D-03     45.33

 ** WVFN ****  CONVERGENCE REACHED, FINAL GRADIENT:  0.26D-06



 Results for state 1.1
 =====================

 !MCSCF STATE 1.1 Energy              -56.018035290340
 Nuclear energy                        11.11363258
 Kinetic energy                        55.79920619
 One electron energy                  -94.07078515
 Two electron energy                   26.93911729
 Virial ratio                           2.00392172

 !MCSCF STATE 1.1 Dipole moment        -0.00000000    -0.01495431    -0.00000000
 Dipole moment /Debye                  -0.00000000    -0.03800756    -0.00000000

 Results for state 2.1
 =====================

 !MCSCF STATE 2.1 Energy              -55.767690268610
 Nuclear energy                        11.11363258
 Kinetic energy                        55.78900643
 One electron energy                  -93.91639324
 Two electron energy                   27.03507039
 Virial ratio                           1.99961791

 !MCSCF STATE 2.1 Dipole moment         0.00000002     0.23312592     0.00000000
 Dipole moment /Debye                   0.00000006     0.59250818     0.00000000

 State-averaged charge density matrix saved on record  2140.2 (density set 1)

 !MCSCF expec         <2.1|DMX|2.1>     0.000000024761 au =     0.000000062932 Debye

 !MCSCF expec         <1.1|DMY|1.1>    -0.014954305181 au =    -0.038007562962 Debye
 !MCSCF expec         <2.1|DMY|2.1>     0.233125923331 au =     0.592508184220 Debye

 !MCSCF trans         <2.1|DMZ|1.1>     0.008219965535 au =     0.020891700004 Debye


 NATURAL ORBITALS (state averaged)
 =================================

   Orb     Occ        Energy       Coefficients

                                   1 1s      1 1s      1 1s      1 1s      1 1s      1 2px     1 2py     1 2pz     1 2px     1 2py  
                                   1 2pz     1 2px     1 2py     1 2pz     1 2px     1 2py     1 2pz     1 3d0     1 3d2-    1 3d1+ 
                                   1 3d2+    1 3d1-    1 3d0     1 3d2-    1 3d1+    1 3d2+    1 3d1-    1 4f1+    1 4f1-    1 4f0  
                                   1 4f3+    1 4f2-    1 4f3-    1 4f2+    2 1s      2 1s      2 1s      2 1s      2 1s      2 2px  
                                   2 2py     2 2pz     2 2px     2 2py     2 2pz     2 2px     2 2py     2 2pz     2 2px     2 2py  
                                   2 2pz     2 3d0     2 3d2-    2 3d1+    2 3d2+    2 3d1-    2 3d0     2 3d2-    2 3d1+    2 3d2+ 
                                   2 3d1-    2 4f1+    2 4f1-    2 4f0     2 4f3+    2 4f2-    2 4f3-    2 4f2+    3 1s      3 1s   
                                   3 1s      3 1s      3 1s      3 2px     3 2py     3 2pz     3 2px     3 2py     3 2pz     3 2px  
                                   3 2py     3 2pz     3 2px     3 2py     3 2pz     3 3d0     3 3d2-    3 3d1+    3 3d2+    3 3d1- 
                                   3 3d0     3 3d2-    3 3d1+    3 3d2+    3 3d1-    3 4f1+    3 4f1-    3 4f0     3 4f3+    3 4f2- 
                                   3 4f3-    3 4f2+    4 1s      4 1s      4 1s      4 1s      4 1s      4 1s      4 1s      4 2px  
                                   4 2py     4 2pz     4 2px     4 2py     4 2pz     4 2px     4 2py     4 2pz     4 2px     4 2py  
                                   4 2pz     4 2px     4 2py     4 2pz     4 2px     4 2py     4 2pz     4 2px     4 2py     4 2pz  
                                   4 3d0     4 3d2-    4 3d1+    4 3d2+    4 3d1-    4 3d0     4 3d2-    4 3d1+    4 3d2+    4 3d1- 
                                   4 3d0     4 3d2-    4 3d1+    4 3d2+    4 3d1-    4 3d0     4 3d2-    4 3d1+    4 3d2+    4 3d1- 
                                   4 4f1+    4 4f1-    4 4f0     4 4f3+    4 4f2-    4 4f3-    4 4f2+    4 4f1+    4 4f1-    4 4f0  
                                   4 4f3+    4 4f2-    4 4f3-    4 4f2+    4 4f1+    4 4f1-    4 4f0     4 4f3+    4 4f2-    4 4f3- 
                                   4 4f2+    4 5g0     4 5g2-    4 5g1+    4 5g4+    4 5g1-    4 5g2+    4 5g4-    4 5g3+    4 5g3- 
                                   4 5g0     4 5g2-    4 5g1+    4 5g4+    4 5g1-    4 5g2+    4 5g4-    4 5g3+    4 5g3- 

   1.1  2.00000   -15.956960    -0.003419  0.000063 -0.000062  0.000855  0.000623  0.000000  0.000005  0.000000  0.000000  0.000082
                                 0.000000  0.000000  0.000309  0.000000  0.000000  0.000143  0.000000  0.000012 -0.000000  0.000000
                                 0.000020  0.000000  0.000012 -0.000000  0.000000  0.000033  0.000000 -0.000000  0.000007  0.000000
                                -0.000000  0.000000  0.000004  0.000000 -0.003483  0.000072  0.000071  0.000928  0.000641  0.000005
                                -0.000003  0.000000  0.000046 -0.000022  0.000000  0.000190 -0.000098  0.000000  0.000088 -0.000052
                                 0.000000 -0.000001 -0.000004  0.000000 -0.000003  0.000000 -0.000008  0.000001  0.000000 -0.000005
                                 0.000000  0.000012 -0.000007  0.000000  0.000002  0.000000  0.000012  0.000000 -0.003483  0.000072
                                 0.000071  0.000928  0.000641 -0.000005 -0.000003  0.000000 -0.000046 -0.000022  0.000000 -0.000190
                                -0.000098  0.000000 -0.000088 -0.000052  0.000000 -0.000001  0.000004  0.000000 -0.000003  0.000000
                                -0.000008 -0.000001  0.000000 -0.000005  0.000000 -0.000012 -0.000007  0.000000 -0.000002  0.000000
                                 0.000012  0.000000  1.000853 -0.005390  0.001115 -0.002143 -0.001391  0.000674 -0.000058  0.000000
                                 0.001743  0.000000 -0.000000 -0.000045  0.000000 -0.000000 -0.000431  0.000000 -0.000000 -0.000529
                                 0.000000 -0.000000 -0.000548  0.000000 -0.000000 -0.000212  0.000000  0.000000  0.000000  0.000000
                                -0.000098 -0.000000  0.000000 -0.000114  0.000000  0.000089  0.000000  0.000000  0.000098  0.000000
                                 0.000097 -0.000000  0.000000  0.000014  0.000000 -0.000134 -0.000000  0.000000 -0.000026  0.000000
                                -0.000000  0.000001  0.000000 -0.000000  0.000000 -0.000064  0.000000 -0.000000 -0.000008  0.000000
                                -0.000000  0.000000 -0.000035  0.000000 -0.000000 -0.000005  0.000000 -0.000000  0.000000 -0.000125
                                 0.000000  0.000014  0.000000  0.000000  0.000005  0.000000  0.000000 -0.000000  0.000000  0.000000
                                -0.000001  0.000000  0.000000 -0.000003  0.000000  0.000002  0.000000  0.000000  0.000000

   2.1  1.97540    -1.468090     0.330948 -0.003549 -0.036632 -0.115489 -0.060062 -0.000000 -0.002133 -0.000000 -0.000000 -0.006610
                                -0.000000 -0.000000 -0.013493 -0.000000 -0.000000 -0.004925 -0.000000 -0.001168  0.000000  0.000000
                                -0.001739  0.000000 -0.001161  0.000000  0.000000 -0.002434  0.000000  0.000000  0.000588  0.000000
                                 0.000000 -0.000000  0.000648  0.000000  0.339566 -0.004029 -0.036712 -0.114016 -0.061000 -0.001834
                                 0.001063 -0.000000 -0.005583  0.003109 -0.000000 -0.011866  0.006710 -0.000000 -0.004707  0.002932
                                -0.000000 -0.001147 -0.001405  0.000000  0.000902 -0.000000 -0.001238 -0.002124  0.000000  0.001259
                                -0.000000  0.000514 -0.000302  0.000000 -0.000006  0.000000  0.000630 -0.000000  0.339566 -0.004029
                                -0.036712 -0.114016 -0.061000  0.001834  0.001063 -0.000000  0.005583  0.003109 -0.000000  0.011866
                                 0.006710 -0.000000  0.004707  0.002932 -0.000000 -0.001147  0.001405 -0.000000  0.000902 -0.000000
                                -0.001238  0.002124 -0.000000  0.001259 -0.000000 -0.000514 -0.000302  0.000000  0.000006 -0.000000
                                 0.000630 -0.000000  0.006328  0.885319 -0.002179 -0.000690 -0.046212 -0.090857  0.000808 -0.000000
                                -0.005869 -0.000000  0.000000 -0.000050 -0.000000  0.000000  0.000147  0.000000  0.000000  0.001024
                                 0.000000  0.000000  0.001985  0.000000  0.000000  0.001121  0.000000  0.000000  0.000008 -0.000000
                                -0.000265  0.000000 -0.000000  0.000146 -0.000000 -0.002125  0.000000 -0.000000  0.000265 -0.000000
                                -0.012179  0.000000 -0.000000 -0.000101 -0.000000 -0.005934  0.000000 -0.000000  0.001250 -0.000000
                                 0.000000  0.000016  0.000000  0.000000  0.000000 -0.000593  0.000000  0.000000  0.000031  0.000000
                                 0.000000  0.000000 -0.005435  0.000000  0.000000  0.000046  0.000000  0.000000  0.000000 -0.002167
                                 0.000000  0.000938 -0.000000  0.000000 -0.000003  0.000000  0.000021  0.000000 -0.000000  0.000000
                                 0.000449 -0.000000 -0.000000  0.000095 -0.000000 -0.000039  0.000000 -0.000000  0.000000

   3.1  1.96534    -0.994770     0.000000 -0.000000 -0.000000 -0.000000 -0.000000  0.001059 -0.000000  0.000000  0.003429 -0.000000
                                 0.000000  0.010569 -0.000000  0.000000  0.008857 -0.000000  0.000000 -0.000000 -0.002071 -0.000000
                                -0.000000 -0.000000 -0.000000 -0.004329 -0.000000 -0.000000 -0.000000 -0.000464  0.000000 -0.000000
                                -0.000943  0.000000 -0.000000 -0.000000  0.588347 -0.003482 -0.042631 -0.139544 -0.097006 -0.002164
                                 0.001822  0.000000 -0.004729  0.004356  0.000000 -0.012895  0.012739  0.000000 -0.008149  0.009289
                                 0.000000 -0.000848 -0.001331 -0.000000 -0.000228  0.000000 -0.001380 -0.001277 -0.000000 -0.001498
                                 0.000000  0.000141 -0.000327 -0.000000  0.000407 -0.000000 -0.000318  0.000000 -0.588347  0.003482
                                 0.042631  0.139544  0.097006 -0.002164 -0.001822  0.000000 -0.004729 -0.004356  0.000000 -0.012895
                                -0.012739  0.000000 -0.008149 -0.009289  0.000000  0.000848 -0.001331  0.000000  0.000228  0.000000
                                 0.001380 -0.001277  0.000000  0.001498  0.000000  0.000141  0.000327 -0.000000  0.000407  0.000000
                                 0.000318  0.000000 -0.000000  0.000000 -0.000000 -0.000000 -0.000000 -0.000000  0.000000  0.761669
                                 0.000000  0.000000 -0.000969 -0.000000  0.000000 -0.007611 -0.000000 -0.000000 -0.003194 -0.000000
                                -0.000000 -0.073850 -0.000000 -0.000000 -0.070229 -0.000000 -0.000000 -0.000044 -0.000000  0.000000
                                -0.000000 -0.000662  0.000000 -0.000000  0.000000 -0.000000 -0.003785  0.000000 -0.000000  0.000000
                                -0.000000 -0.018059  0.000000 -0.000000  0.000000 -0.000000 -0.005401  0.000000 -0.000000  0.000000
                                -0.000688 -0.000000 -0.000000 -0.000216 -0.000000 -0.000000 -0.000000 -0.006466 -0.000000 -0.000000
                                -0.000905 -0.000000 -0.000000 -0.000000 -0.001690 -0.000000 -0.000000 -0.000746 -0.000000 -0.000000
                                -0.000000  0.000000  0.001017 -0.000000  0.000000 -0.000000  0.000000 -0.002000  0.000000 -0.000000
                                 0.000000 -0.000022  0.000000  0.000000  0.000000 -0.000000 -0.001001  0.000000 -0.000000

   4.1  1.48252    -0.662260     0.000000 -0.000000 -0.000000 -0.000000 -0.000000 -0.000000 -0.000000  0.001623 -0.000000 -0.000000
                                 0.006468 -0.000000 -0.000000  0.018415 -0.000000 -0.000000  0.018821 -0.000000  0.000000 -0.000000
                                -0.000000 -0.003230 -0.000000  0.000000 -0.000000 -0.000000 -0.004867  0.000000  0.000000 -0.000442
                                 0.000000  0.000000 -0.000000 -0.000320 -0.000000  0.000000  0.000000  0.000000  0.000000  0.000000
                                -0.000000  0.001525  0.000000  0.000000  0.005971  0.000000  0.000000  0.015700  0.000000  0.000000
                                 0.013542  0.000000 -0.000000 -0.002550 -0.000000  0.001444  0.000000 -0.000000 -0.002702 -0.000000
                                 0.001592 -0.000000 -0.000000 -0.000262  0.000000 -0.000048  0.000000  0.000042 -0.000000  0.000000
                                 0.000000  0.000000  0.000000 -0.000000 -0.000000  0.001525 -0.000000  0.000000  0.005971 -0.000000
                                 0.000000  0.015700 -0.000000  0.000000  0.013542  0.000000  0.000000  0.002550 -0.000000  0.001444
                                 0.000000  0.000000  0.002702 -0.000000  0.001592  0.000000 -0.000000 -0.000262 -0.000000  0.000048
                                 0.000000  0.000042 -0.000000  0.000000 -0.000000  0.000000 -0.000000 -0.000000  0.000000 -0.000000
                                 0.000000  0.972494  0.000000 -0.000000  0.000048  0.000000 -0.000000 -0.003764  0.000000  0.000000
                                -0.013071 -0.000000 -0.000000 -0.005347  0.000000 -0.000000 -0.007956  0.000000 -0.000000  0.000298
                                -0.000000 -0.000000  0.000000 -0.000000  0.000082 -0.000000 -0.000000  0.000000 -0.000000  0.000568
                                -0.000000 -0.000000  0.000000 -0.000000  0.002266 -0.000000 -0.000000  0.000000 -0.000000  0.002347
                                 0.000000 -0.000000 -0.000230 -0.000000 -0.000000 -0.000000 -0.000379 -0.000000 -0.000000 -0.003699
                                -0.000000 -0.000000 -0.000000 -0.001277  0.000000 -0.000000 -0.003953 -0.000000 -0.000000 -0.000000
                                -0.001104  0.000000  0.000000 -0.000000  0.000000 -0.000056  0.000000 -0.000000  0.000000 -0.001259
                                 0.000000  0.000000  0.000000  0.000000  0.000048  0.000000 -0.000000  0.000000 -0.000439

   5.1  1.48143    -0.894519     0.709828 -0.001800 -0.047365 -0.174981 -0.118655 -0.000000 -0.003403 -0.000000 -0.000000 -0.008391
                                -0.000000 -0.000000 -0.021943 -0.000000 -0.000000 -0.012559 -0.000000 -0.001046  0.000000  0.000000
                                -0.001438  0.000000 -0.001374  0.000000  0.000000 -0.000632  0.000000  0.000000  0.000278  0.000000
                                 0.000000 -0.000000 -0.000305  0.000000 -0.333913  0.001951  0.024322  0.081230  0.055292  0.001852
                                -0.000053 -0.000000  0.004557  0.000626 -0.000000  0.013088  0.002094 -0.000000  0.008904  0.002223
                                -0.000000  0.000468 -0.000357  0.000000 -0.001778 -0.000000  0.000705 -0.001513  0.000000 -0.002962
                                -0.000000 -0.000295 -0.000286  0.000000  0.000778  0.000000  0.000222 -0.000000 -0.333913  0.001951
                                 0.024322  0.081230  0.055292 -0.001852 -0.000053 -0.000000 -0.004557  0.000626 -0.000000 -0.013088
                                 0.002094 -0.000000 -0.008904  0.002223 -0.000000  0.000468  0.000357 -0.000000 -0.001778 -0.000000
                                 0.000705  0.001513 -0.000000 -0.002962 -0.000000  0.000295 -0.000286  0.000000 -0.000778 -0.000000
                                 0.000222 -0.000000 -0.000461 -0.003402 -0.000266 -0.000348 -0.002040 -0.001762  0.000276 -0.000000
                                 0.753515 -0.000000  0.000000 -0.001149 -0.000000  0.000000 -0.007808  0.000000 -0.000000  0.001250
                                 0.000000  0.000000 -0.076761  0.000000  0.000000 -0.074362  0.000000  0.000000 -0.000012 -0.000000
                                -0.000023  0.000000 -0.000000 -0.000775 -0.000000 -0.000156  0.000000 -0.000000 -0.004468 -0.000000
                                -0.000826  0.000000 -0.000000 -0.021529 -0.000000 -0.000546  0.000000 -0.000000 -0.007997 -0.000000
                                 0.000000 -0.000721  0.000000  0.000000  0.000000 -0.000351  0.000000  0.000000 -0.007048  0.000000
                                 0.000000  0.000000 -0.001427  0.000000  0.000000 -0.002050  0.000000  0.000000  0.000000 -0.001208
                                 0.000000  0.000090 -0.000000  0.000000  0.002422  0.000000  0.001171  0.000000 -0.000000  0.000000
                                 0.000051 -0.000000 -0.000000  0.001575 -0.000000  0.000062  0.000000 -0.000000  0.000000

   6.1  0.02404     0.402210     0.000000  0.000000  0.000000 -0.000000 -0.000000 -0.000413  0.000000  0.000000 -0.002980 -0.000000
                                 0.000000  0.005205 -0.000000  0.000000  0.015557 -0.000000  0.000000 -0.000000  0.001295  0.000000
                                -0.000000 -0.000000 -0.000000 -0.007532  0.000000 -0.000000 -0.000000 -0.000547  0.000000 -0.000000
                                -0.002471 -0.000000  0.000000 -0.000000  0.767632  0.032061  0.106044 -0.070915 -0.113921  0.001016
                                -0.000987  0.000000 -0.013413  0.004750  0.000000 -0.059821  0.033895  0.000000 -0.042754  0.032198
                                 0.000000 -0.001197 -0.002353 -0.000000  0.002951  0.000000 -0.007443 -0.013638 -0.000000  0.004467
                                 0.000000 -0.000219 -0.000192 -0.000000  0.001162 -0.000000  0.001372  0.000000 -0.767632 -0.032061
                                -0.106044  0.070915  0.113921  0.001016  0.000987  0.000000 -0.013413 -0.004750  0.000000 -0.059821
                                -0.033895  0.000000 -0.042754 -0.032198  0.000000  0.001197 -0.002353  0.000000 -0.002951  0.000000
                                 0.007443 -0.013638  0.000000 -0.004467  0.000000 -0.000219  0.000192 -0.000000  0.001162  0.000000
                                -0.001372  0.000000  0.000000  0.000000  0.000000  0.000000 -0.000000 -0.000000 -0.000000 -1.312650
                                -0.000000 -0.000000 -0.001953 -0.000000 -0.000000 -0.077498 -0.000000 -0.000000  0.003007 -0.000000
                                 0.000000  0.390821  0.000000  0.000000  0.166581  0.000000  0.000000 -0.000997 -0.000000  0.000000
                                 0.000000 -0.001793  0.000000 -0.000000  0.000000  0.000000 -0.008569  0.000000 -0.000000  0.000000
                                 0.000000 -0.029785  0.000000 -0.000000  0.000000 -0.000000 -0.008799  0.000000 -0.000000  0.000000
                                 0.000350  0.000000 -0.000000 -0.002367 -0.000000 -0.000000 -0.000000  0.010987  0.000000 -0.000000
                                -0.006181 -0.000000 -0.000000 -0.000000  0.006839  0.000000 -0.000000 -0.000820 -0.000000 -0.000000
                                -0.000000  0.000000  0.000827  0.000000 -0.000000  0.000000  0.000000  0.004277  0.000000  0.000000
                                 0.000000  0.000286  0.000000 -0.000000  0.000000  0.000000  0.001104  0.000000 -0.000000

   7.1  0.02298     0.318980     0.621333  0.021766  0.057850 -0.159462 -0.108394 -0.000000 -0.000603  0.000000 -0.000000 -0.015121
                                 0.000000  0.000000 -0.053062  0.000000  0.000000 -0.020132  0.000000 -0.002588  0.000000 -0.000000
                                -0.003385 -0.000000 -0.003849 -0.000000 -0.000000 -0.004295 -0.000000 -0.000000  0.000719 -0.000000
                                -0.000000  0.000000 -0.000412 -0.000000  0.767808  0.029493  0.093940 -0.162123 -0.129604 -0.000027
                                 0.000159  0.000000 -0.016058  0.009999  0.000000 -0.062575  0.039202  0.000000 -0.030303  0.018511
                                 0.000000 -0.003129 -0.004309 -0.000000  0.001902  0.000000 -0.006402 -0.008179 -0.000000  0.003158
                                 0.000000  0.000627 -0.000548 -0.000000  0.000550  0.000000 -0.000169  0.000000  0.767808  0.029493
                                 0.093940 -0.162123 -0.129604  0.000027  0.000159  0.000000  0.016058  0.009999  0.000000  0.062575
                                 0.039202  0.000000  0.030303  0.018511  0.000000 -0.003129  0.004309  0.000000  0.001902  0.000000
                                -0.006402  0.008179  0.000000  0.003158  0.000000 -0.000627 -0.000548 -0.000000 -0.000550 -0.000000
                                -0.000169  0.000000 -0.066984 -1.310047 -0.035341 -0.354968  0.321830  0.243402 -0.006978 -0.000000
                                 0.102493  0.000000 -0.000000  0.000334  0.000000 -0.000000  0.005147 -0.000000  0.000000  0.006714
                                -0.000000  0.000000 -0.014099 -0.000000  0.000000 -0.009954 -0.000000 -0.000000 -0.000041  0.000000
                                -0.004071 -0.000000  0.000000 -0.000632  0.000000 -0.028089 -0.000000  0.000000 -0.009828  0.000000
                                -0.089797 -0.000000  0.000000 -0.020395  0.000000 -0.037586 -0.000000  0.000000 -0.004432  0.000000
                                -0.000000 -0.000898 -0.000000 -0.000000 -0.000000  0.001303 -0.000000 -0.000000 -0.003551 -0.000000
                                -0.000000 -0.000000 -0.002732 -0.000000 -0.000000 -0.003077 -0.000000 -0.000000 -0.000000  0.009808
                                -0.000000 -0.000760  0.000000 -0.000000  0.000628 -0.000000  0.000506  0.000000  0.000000 -0.000000
                                -0.002168  0.000000  0.000000  0.000624  0.000000  0.000223 -0.000000  0.000000 -0.000000

   8.1  0.01924     0.376331     0.970056  0.042759  0.126821 -0.120743 -0.148781  0.000000  0.000662 -0.000000  0.000000 -0.020051
                                -0.000000  0.000000 -0.083490 -0.000000 -0.000000 -0.058626 -0.000000 -0.002071 -0.000000 -0.000000
                                -0.004463  0.000000 -0.008480  0.000000 -0.000000 -0.014443  0.000000  0.000000  0.000279  0.000000
                                 0.000000  0.000000  0.001076  0.000000 -0.380625 -0.016732 -0.063829  0.028084  0.058353 -0.001284
                                -0.000392 -0.000000  0.002302 -0.009246 -0.000000  0.026075 -0.023837 -0.000000  0.027241 -0.007160
                                -0.000000  0.000475  0.002959  0.000000  0.002715 -0.000000  0.003009  0.003917  0.000000 -0.003874
                                -0.000000  0.000327 -0.000366  0.000000  0.000636  0.000000  0.000015 -0.000000 -0.380625 -0.016732
                                -0.063829  0.028084  0.058353  0.001284 -0.000392 -0.000000 -0.002302 -0.009246 -0.000000 -0.026075
                                -0.023837 -0.000000 -0.027241 -0.007160 -0.000000  0.000475 -0.002959 -0.000000  0.002715 -0.000000
                                 0.003009 -0.003917 -0.000000 -0.003874 -0.000000 -0.000327 -0.000366  0.000000 -0.000636 -0.000000
                                 0.000015 -0.000000 -0.004417 -0.084110 -0.004336 -0.014119  0.014138  0.002032 -0.003651  0.000000
                                -1.230453 -0.000000  0.000000 -0.000829  0.000000  0.000000 -0.073799  0.000000  0.000000 -0.013272
                                -0.000000 -0.000000  0.319920 -0.000000 -0.000000  0.149413 -0.000000  0.000000 -0.000632 -0.000000
                                -0.000988  0.000000 -0.000000 -0.002793 -0.000000 -0.008742  0.000000 -0.000000 -0.015307 -0.000000
                                -0.028168  0.000000 -0.000000 -0.063926 -0.000000 -0.016374  0.000000 -0.000000 -0.021640 -0.000000
                                 0.000000 -0.002933  0.000000  0.000000  0.000000 -0.002833  0.000000 -0.000000  0.001628  0.000000
                                 0.000000  0.000000 -0.009045  0.000000 -0.000000  0.005096  0.000000  0.000000  0.000000 -0.004063
                                 0.000000  0.000036 -0.000000  0.000000 -0.005160  0.000000  0.002505 -0.000000 -0.000000  0.000000
                                -0.000333 -0.000000 -0.000000 -0.003279 -0.000000  0.000486 -0.000000 -0.000000  0.000000

   9.1  0.01290     0.682791     0.000000  0.000000  0.000000 -0.000000 -0.000000 -0.000000 -0.000000  0.002499 -0.000000 -0.000000
                                 0.013339 -0.000000 -0.000000  0.053676 -0.000000 -0.000000  0.057256 -0.000000  0.000000  0.000000
                                -0.000000 -0.006734 -0.000000  0.000000  0.000000 -0.000000 -0.019465  0.000000 -0.000000 -0.003189
                                 0.000000 -0.000000 -0.000000 -0.003573  0.000000  0.000000 -0.000000 -0.000000 -0.000000 -0.000000
                                 0.000000  0.002273 -0.000000 -0.000000  0.012742 -0.000000 -0.000000  0.046532  0.000000 -0.000000
                                 0.042963 -0.000000  0.000000 -0.005330  0.000000  0.003205  0.000000  0.000000 -0.012375  0.000000
                                 0.007758 -0.000000  0.000000 -0.002717 -0.000000 -0.002536 -0.000000  0.001224 -0.000000 -0.000000
                                 0.000000  0.000000  0.000000 -0.000000 -0.000000  0.002273 -0.000000  0.000000  0.012742 -0.000000
                                 0.000000  0.046532  0.000000  0.000000  0.042963  0.000000  0.000000  0.005330 -0.000000  0.003205
                                -0.000000  0.000000  0.012375 -0.000000  0.007758 -0.000000 -0.000000 -0.002717 -0.000000  0.002536
                                 0.000000  0.001224 -0.000000 -0.000000 -0.000000 -0.000000  0.000000  0.000000 -0.000000  0.000000
                                -0.000000 -1.486111  0.000000  0.000000 -0.008083  0.000000 -0.000000 -0.120270 -0.000000 -0.000000
                                 0.198039 -0.000000  0.000000  1.058141 -0.000000  0.000000  0.479167  0.000000  0.000000  0.000083
                                -0.000000 -0.000000  0.000000 -0.000000  0.000259 -0.000000 -0.000000  0.000000 -0.000000  0.001198
                                -0.000000 -0.000000  0.000000 -0.000000  0.005749 -0.000000 -0.000000  0.000000 -0.000000  0.007144
                                -0.000000 -0.000000 -0.001501 -0.000000 -0.000000 -0.000000 -0.002457 -0.000000 -0.000000 -0.003528
                                -0.000000 -0.000000 -0.000000 -0.002971 -0.000000  0.000000 -0.019233 -0.000000 -0.000000 -0.000000
                                -0.001429 -0.000000  0.000000  0.000000 -0.000000 -0.000008  0.000000 -0.000000  0.000000  0.001262
                                -0.000000  0.000000  0.000000 -0.000000  0.000314  0.000000 -0.000000  0.000000 -0.005392

  10.1  0.00589     0.999691    -0.000000 -0.000000  0.000000  0.000000  0.000000  0.003393  0.000000  0.000000  0.032006  0.000000
                                 0.000000  0.103712 -0.000000  0.000000  0.052017 -0.000000  0.000000  0.000000 -0.022414  0.000000
                                 0.000000 -0.000000 -0.000000 -0.046160  0.000000 -0.000000 -0.000000 -0.001875 -0.000000 -0.000000
                                -0.010531 -0.000000  0.000000 -0.000000 -0.291673 -0.041448  0.128863  0.392011  0.092437  0.009378
                                -0.002459  0.000000  0.033571  0.008284  0.000000  0.007465  0.074144  0.000000 -0.047920  0.064201
                                 0.000000  0.000614 -0.006398 -0.000000 -0.014236  0.000000 -0.012962 -0.038417 -0.000000 -0.011041
                                 0.000000  0.001203 -0.002480 -0.000000  0.006848 -0.000000  0.005302  0.000000  0.291673  0.041448
                                -0.128863 -0.392011 -0.092437  0.009378  0.002459  0.000000  0.033571 -0.008284  0.000000  0.007465
                                -0.074144  0.000000 -0.047920 -0.064201  0.000000 -0.000614 -0.006398  0.000000  0.014236  0.000000
                                 0.012962 -0.038417  0.000000  0.011041  0.000000  0.001203  0.002480 -0.000000  0.006848  0.000000
                                -0.005302  0.000000 -0.000000 -0.000000 -0.000000 -0.000000  0.000000  0.000000  0.000000 -0.548821
                                -0.000000 -0.000000 -0.004970 -0.000000 -0.000000 -0.022322 -0.000000 -0.000000  0.003486  0.000000
                                 0.000000  0.343833  0.000000  0.000000  0.060272  0.000000  0.000000 -0.002518 -0.000000  0.000000
                                 0.000000  0.015579  0.000000  0.000000  0.000000  0.000000  0.130901  0.000000  0.000000  0.000000
                                 0.000000  0.511975  0.000000  0.000000  0.000000  0.000000  0.152343  0.000000  0.000000  0.000000
                                 0.000895  0.000000 -0.000000  0.002587 -0.000000  0.000000 -0.000000  0.031962  0.000000 -0.000000
                                 0.018184 -0.000000  0.000000 -0.000000  0.002090  0.000000 -0.000000  0.010310 -0.000000  0.000000
                                -0.000000 -0.000000 -0.021681  0.000000 -0.000000 -0.000000 -0.000000  0.010369  0.000000  0.000000
                                -0.000000 -0.007086  0.000000 -0.000000  0.000000 -0.000000  0.015405  0.000000 -0.000000

  11.1  0.00553     1.031991    -0.250757 -0.046563  0.171489  0.437201  0.074660 -0.000000  0.011852  0.000000 -0.000000  0.028739
                                 0.000000 -0.000000 -0.035414  0.000000 -0.000000 -0.083150  0.000000  0.003124  0.000000 -0.000000
                                 0.001710 -0.000000 -0.008940  0.000000  0.000000 -0.024236 -0.000000  0.000000 -0.000745 -0.000000
                                 0.000000 -0.000000  0.003845 -0.000000  0.015025  0.004638 -0.030035 -0.126532 -0.037186 -0.000083
                                 0.004254  0.000000  0.011398  0.030973  0.000000  0.063941  0.070217  0.000000  0.054387  0.019599
                                 0.000000  0.001006 -0.009875 -0.000000 -0.018976  0.000000  0.010642 -0.001218 -0.000000 -0.045569
                                 0.000000 -0.003974  0.000080 -0.000000  0.009747 -0.000000 -0.005431  0.000000  0.015025  0.004638
                                -0.030035 -0.126532 -0.037186  0.000083  0.004254  0.000000 -0.011398  0.030973  0.000000 -0.063941
                                 0.070217  0.000000 -0.054387  0.019599  0.000000  0.001006  0.009875  0.000000 -0.018976  0.000000
                                 0.010642  0.001218  0.000000 -0.045569  0.000000  0.003974  0.000080 -0.000000 -0.009747  0.000000
                                -0.005431  0.000000 -0.023689 -0.357084 -0.019008 -0.180441  0.360836  0.182718  0.025588  0.000000
                                -0.605911  0.000000  0.000000 -0.003201 -0.000000  0.000000 -0.035445 -0.000000  0.000000 -0.006300
                                 0.000000 -0.000000  0.355870  0.000000 -0.000000  0.063877  0.000000  0.000000 -0.002370  0.000000
                                 0.004981 -0.000000  0.000000  0.014298  0.000000  0.046837 -0.000000  0.000000  0.121876  0.000000
                                 0.170989 -0.000000  0.000000  0.475541  0.000000  0.101760 -0.000000  0.000000  0.140047  0.000000
                                -0.000000  0.002178 -0.000000 -0.000000 -0.000000  0.004920 -0.000000 -0.000000  0.032902 -0.000000
                                -0.000000 -0.000000  0.033215 -0.000000 -0.000000  0.004177 -0.000000 -0.000000 -0.000000  0.018330
                                -0.000000 -0.001344  0.000000 -0.000000 -0.000063 -0.000000 -0.020169 -0.000000  0.000000 -0.000000
                                -0.001209  0.000000  0.000000 -0.007461  0.000000 -0.007284 -0.000000  0.000000 -0.000000

  12.1  0.00473     1.226625    -0.047953 -0.004824  0.000554 -0.051557 -0.037518 -0.000000  0.001294 -0.000000 -0.000000 -0.000561
                                -0.000000 -0.000000  0.017095 -0.000000 -0.000000  0.026639 -0.000000  0.003847  0.000000 -0.000000
                                -0.000092  0.000000  0.013066  0.000000 -0.000000  0.021867  0.000000  0.000000 -0.006228  0.000000
                                 0.000000  0.000000 -0.005854  0.000000 -0.168647 -0.024795  0.119804  0.202057  0.009329  0.005808
                                -0.004831 -0.000000  0.003572 -0.018376 -0.000000 -0.033537 -0.017235 -0.000000 -0.033680  0.003531
                                -0.000000  0.004477  0.004262  0.000000  0.007638 -0.000000  0.003051  0.007931  0.000000  0.008938
                                -0.000000 -0.004360  0.002945  0.000000 -0.002051  0.000000 -0.003197 -0.000000 -0.168647 -0.024795
                                 0.119804  0.202057  0.009329 -0.005808 -0.004831 -0.000000 -0.003572 -0.018376 -0.000000  0.033537
                                -0.017235 -0.000000  0.033680  0.003531 -0.000000  0.004477 -0.004262 -0.000000  0.007638 -0.000000
                                 0.003051 -0.007931 -0.000000  0.008938 -0.000000  0.004360  0.002945  0.000000  0.002051 -0.000000
                                -0.003197 -0.000000 -0.055849 -0.807173 -0.053115 -0.393329  0.802741  0.366581  0.057404  0.000000
                                 0.161887  0.000000  0.000000  0.001547  0.000000 -0.000000  0.003902  0.000000  0.000000  0.013242
                                -0.000000 -0.000000 -0.053137 -0.000000  0.000000 -0.003885 -0.000000  0.000000  0.000317 -0.000000
                                 0.015270 -0.000000 -0.000000 -0.007024 -0.000000  0.145111 -0.000000 -0.000000 -0.066674 -0.000000
                                 0.491511 -0.000000 -0.000000 -0.223858 -0.000000  0.254193 -0.000000 -0.000000 -0.058732 -0.000000
                                 0.000000 -0.000231  0.000000 -0.000000  0.000000  0.008595  0.000000 -0.000000 -0.008504  0.000000
                                -0.000000  0.000000  0.056438  0.000000  0.000000  0.000400  0.000000  0.000000  0.000000  0.015053
                                 0.000000 -0.007483  0.000000 -0.000000 -0.001213  0.000000  0.011078 -0.000000 -0.000000 -0.000000
                                -0.004123  0.000000 -0.000000  0.003925 -0.000000  0.003512 -0.000000 -0.000000  0.000000

  13.1  0.00000    -0.052442     0.049537  0.013096 -0.610491 -1.007638  1.532611 -0.000000  0.000552  0.000000  0.000000  0.004747
                                -0.000000 -0.000000  0.235443  0.000000 -0.000000  0.081332  0.000000  0.003276 -0.000000  0.000000
                                 0.001448 -0.000000 -0.049734  0.000000 -0.000000 -0.051813 -0.000000 -0.000000  0.025424 -0.000000
                                 0.000000  0.000000  0.024601 -0.000000 -0.028892 -0.006480  0.291668  0.512916 -0.799197  0.000632
                                 0.001891  0.000000 -0.005403 -0.006460 -0.000000 -0.069653  0.112164  0.000000 -0.007267  0.077436
                                 0.000000 -0.001597 -0.000683 -0.000000 -0.000068  0.000000  0.022824  0.000150 -0.000000 -0.050089
                                 0.000000 -0.010847  0.005455 -0.000000  0.005661 -0.000000 -0.012329  0.000000 -0.028892 -0.006480
                                 0.291668  0.512916 -0.799197 -0.000632  0.001891  0.000000  0.005403 -0.006460 -0.000000  0.069653
                                 0.112164  0.000000  0.007267  0.077436 -0.000000 -0.001597  0.000683  0.000000 -0.000068  0.000000
                                 0.022824 -0.000150 -0.000000 -0.050089  0.000000  0.010847  0.005455 -0.000000 -0.005661  0.000000
                                -0.012329 -0.000000  0.000195 -0.001137  0.000529 -0.002973 -0.008073  0.015176  0.058681  0.000000
                                -0.059931 -0.000000  0.000000 -0.002321  0.000000 -0.000000  0.005717 -0.000000  0.000000 -0.152566
                                 0.000000 -0.000000  1.100613 -0.000000 -0.000000  0.505862  0.000000  0.000000 -1.932981 -0.000000
                                -0.000031 -0.000000  0.000000  0.000287 -0.000000 -0.000105 -0.000000 -0.000000  0.004420  0.000000
                                -0.000885 -0.000000 -0.000000  0.021020 -0.000000 -0.005262  0.000000 -0.000000 -0.612110 -0.000000
                                 0.000000 -0.000566 -0.000000 -0.000000  0.000000  0.000038 -0.000000 -0.000000  0.003634  0.000000
                                -0.000000 -0.000000  0.000260 -0.000000  0.000000 -0.110714  0.000000  0.000000  0.000000 -0.004045
                                 0.000000  0.000056  0.000000  0.000000 -0.000116 -0.000000 -0.001042 -0.000000  0.000000  0.000000
                                 0.000138 -0.000000  0.000000  0.023627  0.000000  0.021432  0.000000 -0.000000  0.000000

 Total charge:   1.000000000000
 

 EXTRA SYMMETRY OF MOS IN SYMMETRY 1:   1 1 1 2 1 1 1 1 2 1   1 1 1 1 1 2 1 1 1 2   2 1 1 1 1 2 1 1 1 1   1 2 2 2 1 2 2 1 1 1
                                        1 1 1 2 2 2 1 2 1 1   1 1 2 1 1 1 1 1 1 2   2 1 1 2 1 2 2 2 2 1   1 1 1 2 1 1 1 1 1 2
                                        1 2 2 2 1 1 2 2 1 1   1 2 1 2 2 1 1 1 1 1   2 2 1 2 1 1 2 1 1 1   2 2 2 1 1 1 2 2 1 1
                                        1 1 1 2 2 2 1 1 1 1   2 1 1 2 2 1 2 1 1 1   1 1 1 2 2 1 2 1 1 2   2 2 1 1 1 1 1 1 2 1
                                        1 1 1 1 2 2 2 2 2 2   1 1 1 1 1 1 1 1 1 1   2 2 1 1 1 2 1 1 1

 Natural orbital dump (state averaged) at molpro section  2140.2    (Orbital set 2)



 **********************************************************************************************************************************
 DATASETS  * FILE   NREC   LENGTH (MB)   RECORD NAMES
              1      20      389.55       500      700      610      900      950      970     1000      129      960     1100   
                                          VAR     GEOM    BASINP   SYMINP    ZMAT    AOBASIS   BASIS     P2S    ABASIS      S 
                                         1400     1410     1200     1210     1080     1600     1650     1300     1700     1380   
                                           T        V       H0       H01     AOSYM     SMH    MOLCAS    ERIS     OPER     JKOP   

              2       6        2.48       500      610      700     1000      520     2140   
                                          VAR    BASINP    GEOM     BASIS   MCVARS    MCSCF   

 PROGRAMS   *        TOTAL     MULTI       INT   RESTART
 CPU TIMES  *        59.39     49.98      9.30      0.01
 REAL TIME  *        62.47 SEC
 DISK USED  *         1.34 GB      
 **********************************************************************************************************************************
 SETTING W1             =       -56.01803529  HARTREE                         
 SETTING W2             =       -55.76769027  HARTREE                         
 VARIABLE ENERGY UNDEFINED, ASSUMING 0
 SETTING W3             =     0.00000000D+00                                  
 SETTING W4             =    ENERGY(4)

1PROGRAM * MRCI-F12     (Explicitly correlated MRCI)                      Authors: T. Shiozaki, H.-J. Werner,  2010
   using * CI           (Multireference internally contracted CI)         Authors: H.-J. Werner, P.J. Knowles, 1987

   Atom=H  basis=cc-pVQZ-JKFIT     lmin=0  lmax=4
   Atom=N  basis=cc-pVQZ-JKFIT     lmin=0  lmax=5

 Basis set CC-PVQZ/JKFIT generated.      Number of basis functions:   259 

   Atom=H  basis=cc-pVQZ-F12_OPT   lmin=0  lmax=4
   Atom=N  basis=cc-pVQZ-F12_OPT   lmin=0  lmax=5

 Basis set CC-PVQZ-F12/OPTRI generated.  Number of basis functions:   236 

   Atom=H  basis=aug-cc-pVQZ-MP2F  lmin=0  lmax=4
   Atom=N  basis=aug-cc-pVQZ-MP2F  lmin=0  lmax=5

 Basis set AUG-CC-PVQZ/MP2FIT generated. Number of basis functions:   408 

 Convergence thresholds:  THRVAR = 1.00D-08  THRDEN = 1.00D-07

 Number of optimized states:  1  Roots:   1
 Number of reference states:  1  Roots:   1

 Reference symmetry:                   1   Doublet 
 Number of electrons:                  9
 Maximum number of shells:             4
 Maximum number of spin couplings:    14

 Reference space:     9042 conf    29040 CSFs
 N elec internal:     9042 conf    29040 CSFs
 N-1 el internal:     4917 conf    22143 CSFs
 N-2 el internal:     2277 conf    14058 CSFs

 Number of electrons in valence space:                      7
 Maximum number of open shell orbitals in reference space:  7
 Maximum number of open shell orbitals in internal spaces:  7


 Number of core orbitals:           1 (   1 )
 Number of active  orbitals:       11 (  11 )
 Number of external orbitals:     177 ( 177 )

 Molecular orbitals read from record     2140.2  Type=MCSCF/NATURAL (state averaged)
 Geminal basis:    OPTFULL  GEM_TYPE=SLATER  BETA=1.0  NGEM=6

 Optimizing Gaussian exponents for each gem_beta

 Geminal optimization for beta= 1.0000
 Weight function:   m=0, omega= 1.4646

 Augmented Hessian optimization of geminal fit. Trust ratio= 0.40000
 Convergence reached after   2 iterations. Final gradient= 8.41D-16, Step= 4.29D-06, Delta= 1.28D-09
 
 Alpha:                 0.19532     0.81920     2.85917     9.50073    35.69989   197.79328
 Coeff:                 0.27070     0.30552     0.18297     0.10986     0.06810     0.04224
 
 Basis F12-ABS           EwMin=  5.29E-04  EwMax=  5.24E+00  EwRatio=  1.01E-04
 Basis F12-CABS          EwMin=  6.44E-07  EwMax=  1.00E+00  EwRatio=  5.29E-04

 Symmetry-adapted CABS vectors are used:236

 Coulomb and exchange operators available. No transformation done.

 Number of p-space configurations:   3

 Reference wavefunction optimized for reference space (refopt=1)

 State     Reference Energy 
   1         -56.01803529

 Weight factors for SA-density in H0:    1.000000

 FIMAX=  0.78D-01  FXMAX=  0.34D-01  DIAG=  F  F  NOREF=1  NOINT=0  IHPPD=0

 Nuclear energy:                      11.11363258
 Core energy:                        -47.66712064
 Zeroth-order valence energy:         -7.33407527
 Zeroth-order total energy:          -43.88756334
 First-order energy:                 -12.13047195
 CPU time for CABS construction                             0.00 seconds
 
 AO(A)-basis ORBITAL           loaded. Number of functions:     189
 RI(R)-basis CC-PVQZ-F12/OPTRI loaded. Number of functions:     236
 Basis set CC-PVQZ-JKFIT loaded. Number of basis functions: 259 
 DF-basis CC-PVQZ/JKFIT        loaded. Number of functions:     259

 Screening thresholds:   THRAO=  1.00D-10  THRMO=  1.00D-09  THRPROD=  1.00D-09
                         THRSW=  1.00D-05  THROV=  1.00D-12  THRAOF12=   1.00D-08

 CPU time for Fock matrix formation                         1.24 seconds
 CPU time for orbital space definition                      0.04 seconds
 
 AO(A)-basis ORBITAL           loaded. Number of functions:     189
 RI(R)-basis CC-PVQZ-F12/OPTRI loaded. Number of functions:     236
 Basis set AUG-CC-PVQZ-MP2F loaded. Number of basis functions: 408 
 DF-basis AUG-CC-PVQZ/MP2FIT   loaded. Number of functions:     408

 Screening thresholds:   THRAO=  1.00D-10  THRMO=  1.00D-09  THRPROD=  1.00D-09
                         THRSW=  1.00D-05  THROV=  1.00D-12  THRAOF12=   1.00D-08

 CPU time for F12 integral evaluation                       6.50 seconds
 
 CPU time for 2-ext Coulomb integrals J_XX        0.51 sec, Elapsed time=      0.54 sec
 CPU time for 2-ext Coulomb integrals J_XX(AO)    0.52 sec, Elapsed time=      0.54 sec
 CPU time for 2-ext Coulomb integrals J_XX(AO)    0.35 sec, Elapsed time=      0.37 sec
 CPU time for 2-ext Coulomb integrals J_XX(AO)    0.51 sec, Elapsed time=      0.53 sec
 
 CPU time for 2-ext Coulomb integrals J_Xo        0.47 sec, Elapsed time=      0.49 sec
 CPU time for 2-ext Coulomb integrals J_Xo(AO)    0.30 sec, Elapsed time=      0.32 sec
 
 CPU time for F12 integral evaluation (CABS singles)        3.06 seconds
 CPU time for F12 integral contraction                      0.36 seconds
   1 1        0.0059447339

  Sum of B, X, and V contributions
  ================================
     1        0.0080372568
 
 CPU time for 2RDM and 3RDM contraction                     2.63 seconds
 CPU time for K(F) computation                             12.27 seconds

  Semi-internal contributions
  ================================
 
 CPU time for F12 semi-internal treatment                   6.79 seconds
 CPU time for C matrix preparation                          0.01 seconds
 Number of N-2 electron functions:     121
 Number of N-1 electron functions:   22143

 Number of internal configurations:                29040
 Number of singly external configurations:       3919311
 Number of doubly external configurations:       1896378
 Total number of contracted configurations:      5844729
 Total number of uncontracted configurations:  223879524

 Diagonal Coupling coefficients finished.               Storage: 9998278 words, CPU-Time:     38.69 seconds.
 Energy denominators for pairs finished in 1 passes.    Storage: 2286021 words, CPU-time:      0.09 seconds.

  ITER. STATE  ROOT     SQ.NORM     CORR.ENERGY   TOTAL ENERGY   ENERGY CHANGE       DEN1      VAR(S)    VAR(P)      TIME
    1     1     1     1.00000000     0.00000000   -56.01803529    -0.00000000    -0.08154322  0.12D-01  0.34D-02    79.98
    2     1     1     1.01747575    -0.09614105   -56.11417634    -0.09614105    -0.00331654  0.30D-03  0.27D-03   234.79
    3     1     1     1.01974295    -0.10012717   -56.11816246    -0.00398612    -0.00031550  0.37D-04  0.22D-04   389.08
    4     1     1     1.02059904    -0.10049285   -56.11852814    -0.00036568    -0.00003180  0.35D-05  0.25D-05   542.85
    5     1     1     1.02071240    -0.10053082   -56.11856611    -0.00003797    -0.00000350  0.43D-06  0.26D-06   696.06
    6     1     1     1.02071773    -0.10053489   -56.11857018    -0.00000408    -0.00000042  0.58D-07  0.29D-07   849.01
    7     1     1     1.02072190    -0.10053537   -56.11857066    -0.00000048    -0.00000005  0.77D-08  0.34D-08  1002.05
    8     1     1     1.02072494    -0.10053543   -56.11857072    -0.00000006    -0.00000001  0.84D-09  0.42D-09  1156.30


 =====================================
 Analysis of CPU times by interactions
 =====================================

       I      S      P
 I   0.0%
 S   0.4%   6.8%
 P   2.9%  35.4%  40.6%

 F12 init:         2.8%
 Other:           11.1%

 Total CPU:     1224.4 seconds
 =====================================



 Wavefunction saved on  4123.1

 Reference coefficients greater than 0.0500000
 =============================================
 22/20000000           0.9642393
 22/00020000          -0.0670584
 20/22000000          -0.0646568
 /2\20/00000           0.0578902



 RESULTS FOR STATE 1.1
 =====================

 Coefficient of reference function:   C(0) = 0.98938705 (fixed)   0.98960598 (relaxed)

 Energy contributions of configuration classes

 CLASS          SQ.NORM        ECORR1        ECORR2
 +++++++++++++++++++++++++++++++++++++++++++++++++++
 Internals    0.00082657   -0.10053543   -0.10053543
 Singles      0.01417883    0.00000000    0.00000000
 Pairs        0.00656324    0.00000000    0.00000000
 Total        1.02156865   -0.10053543   -0.10053543
 +++++++++++++++++++++++++++++++++++++++++++++++++++


 Reference energy                     -56.01803529
 Nuclear energy                        11.11363258
 Kinetic energy                        55.85383965
 One electron energy                  -94.02357492
 Two electron energy                   26.79137163
 Virial quotient                       -1.00473971
 Correlation energy                    -0.10053543
 !CI-F12 STATE 1.1 Energy             -56.118570719113

 Properties without orbital relaxation:

 !CI-F12 STATE 1.1 Dipole moment       -0.00000000    -0.00099524    -0.00000000
 Dipole moment /Debye                  -0.00000000    -0.00252949    -0.00000000

 Cluster corrected energies           -56.12073913 (Davidson, fixed reference)
 Cluster corrected energies           -56.12069370 (Davidson, relaxed reference)

 Cluster corrected energies           -56.12002664 (Pople, fixed reference)
 Cluster corrected energies           -56.11999593 (Pople, relaxed reference)


 Singles Correction for State  1
 ===============================
  ITER   STATE        ENERGY          VARIANCE       TIME
    1      1       -56.01803529      0.00000888      0.00
    2      1       -56.01816556      0.00000001      0.02
    3      1       -56.01816565      0.00000000      0.04

 Singles corrected total energy for state  1      -56.1187010798
   - singles correction         for state  1       -0.0001303606


 **********************************************************************************************************************************
 DATASETS  * FILE   NREC   LENGTH (MB)   RECORD NAMES
              1      21      437.49       500      700      610      900      950      970     1000      129      960     1100   
                                          VAR     GEOM    BASINP   SYMINP    ZMAT    AOBASIS   BASIS     P2S    ABASIS      S 
                                         1400     1410     1200     1210     1080     1600     1650     1300     1700     1380   
                                           T        V       H0       H01     AOSYM     SMH    MOLCAS    ERIS     OPER     JKOP   
                                         4123   
                                         MRCI   

              2       6        2.48       500      610      700     1000      520     2140   
                                          VAR    BASINP    GEOM     BASIS   MCVARS    MCSCF   

 PROGRAMS   *        TOTAL  MRCI-F12     MULTI       INT   RESTART
 CPU TIMES  *      1245.98   1186.59     49.98      9.30      0.01
 REAL TIME  *      1270.12 SEC
 DISK USED  *         2.15 GB      
 **********************************************************************************************************************************
 SETTING E1A1           =       -56.11870108  AU                              
 VARIABLE ENERGY UNDEFINED, ASSUMING 0
 SETTING E2A1           =     0.00000000D+00                                  
 VARIABLE ENERGY UNDEFINED, ASSUMING 0
 SETTING E3A1           =     0.00000000D+00                                  
 SETTING E4A1           =    ENERGY(4)
 SETTING ED1A1          =       -56.12082406  AU                              
 VARIABLE ENERGD0 UNDEFINED, ASSUMING 0
 SETTING ED2A1          =     0.00000000D+00                                  
 VARIABLE ENERGD0 UNDEFINED, ASSUMING 0
 SETTING ED3A1          =     0.00000000D+00                                  
 SETTING ED4A1          =    ENERGD0(4)
 SETTING ED1A1_R        =       -56.12086949  AU                              
 VARIABLE ENERGD2 UNDEFINED, ASSUMING 0
 SETTING ED2A1_R        =     0.00000000D+00                                  
 VARIABLE ENERGD2 UNDEFINED, ASSUMING 0
 SETTING ED3A1_R        =     0.00000000D+00                                  
 SETTING ED4A1_R        =    ENERGD2(4)
 SETTING 1A1            =       -56.12082406  AU                              
 SETTING 2A1            =     0.00000000D+00  AU                              
 SETTING 3A1            =     0.00000000D+00  AU                              
 SETTING 4A1            =    ENERGD0(4)
 SETTING 1A1_R          =       -56.12086949  AU                              
 SETTING 2A1_R          =     0.00000000D+00  AU                              
 SETTING 3A1_R          =     0.00000000D+00  AU                              
 SETTING 4A1_R          =    ENERGD2(4)
 SETTING R              =         0.85000000                                  

 MRCI-F12/cc-pVQZ-F12 energy=    -56.118701079762

        MRCI-F12        MULTI   
    -56.11857072    -55.76769027
 **********************************************************************************************************************************
 Variable memory released
